[2014-03-21 19:10:54] START
[2014-03-21 19:12:41] CREATE common.html: 0
[2014-03-21 19:13:17] EDIT proj/views/common.html: 52
[2014-03-21 19:14:49] EDIT proj/controllers/default.py: 2
[2014-03-21 19:16:24] DELETE proj/views/common.html: -55
[2014-03-21 19:16:42] CREATE default/common.html: 0
[2014-03-21 19:16:55] EDIT proj/views/default/common.html: 52
[2014-03-21 19:20:03] EDIT proj/models/db.py: 4
[2014-03-21 19:20:23] EDIT proj/models/db.py: 0
[2014-03-21 19:27:19] EDIT proj/controllers/default.py: -1
[2014-03-21 19:30:11] EDIT proj/views/default/common.html: 0
[2014-03-21 19:34:13] EDIT proj/controllers/default.py: 0
[2014-03-21 19:39:49] CREATE user.py: 0
[2014-03-21 19:40:37] CREATE user/index.html: 0
[2014-03-21 19:43:24] EDIT proj/views/user/index.html: 35
[2014-03-21 19:53:23] EDIT proj/views/default/common.html: 0
[2014-03-21 19:57:24] EDIT proj/views/user/index.html: 1
[2014-03-21 19:57:48] EDIT proj/views/user/index.html: 0
[2014-03-21 19:59:33] EDIT proj/views/user/index.html: 0
[2014-03-21 20:00:23] EDIT proj/views/default/common.html: 0
[2014-03-21 20:01:46] EDIT proj/controllers/user.py: 1
[2014-03-21 20:02:51] EDIT proj/views/user/index.html: 0
[2014-03-21 20:04:40] EDIT proj/views/default/common.html: 0
[2014-03-21 21:03:11] EDIT proj/views/appadmin.html: -1
[2014-03-21 21:38:16] EDIT proj/views/appadmin.html: 0
[2014-03-21 21:38:52] EDIT proj/views/appadmin.html: 1
[2014-03-21 21:40:00] EDIT proj/views/appadmin.html: 0
[2014-03-21 21:41:52] EDIT proj/views/appadmin.html: 0
[2014-03-21 21:42:17] EDIT proj/views/appadmin.html: 0
[2014-03-21 21:46:52] EDIT proj/views/appadmin.html: -11
[2014-03-21 21:47:14] EDIT proj/views/appadmin.html: 0
[2014-03-21 21:47:37] EDIT proj/views/appadmin.html: 11
[2014-03-21 21:47:59] EDIT proj/views/appadmin.html: 0
[2014-03-21 21:48:22] EDIT proj/views/appadmin.html: 0
[2014-03-21 21:52:18] EDIT proj/views/appadmin.html: 0
[2014-03-21 21:52:29] EDIT proj/views/appadmin.html: 0
[2014-03-21 21:53:51] EDIT proj/views/appadmin.html: -10
[2014-03-21 21:55:30] EDIT proj/views/appadmin.html: 0
[2014-03-21 21:55:59] EDIT proj/views/appadmin.html: -1
[2014-03-21 21:57:00] EDIT proj/views/appadmin.html: 1
[2014-03-21 21:57:14] EDIT proj/views/appadmin.html: 0
[2014-03-21 21:57:24] EDIT proj/views/appadmin.html: 0
[2014-03-21 21:57:27] EDIT proj/views/appadmin.html: 0
[2014-03-21 21:57:40] EDIT proj/views/appadmin.html: -2
[2014-03-21 22:00:28] EDIT proj/views/appadmin.html: 39
[2014-03-21 22:25:55] EDIT proj/views/appadmin.html: -1
[2014-03-21 22:26:24] EDIT proj/views/appadmin.html: -3
[2014-03-21 22:27:40] EDIT proj/views/appadmin.html: -5
[2014-03-21 22:28:54] EDIT proj/views/appadmin.html: 0
[2014-03-21 22:31:39] EDIT proj/views/appadmin.html: 1
[2014-03-21 22:31:57] EDIT proj/views/appadmin.html: 0
[2014-03-21 22:32:12] EDIT proj/views/appadmin.html: -1
[2014-03-21 22:32:30] EDIT proj/views/appadmin.html: 0
[2014-03-21 22:36:50] EDIT proj/views/default/common.html: 1
[2014-03-21 22:37:32] EDIT proj/views/default/common.html: 0
[2014-03-21 22:41:47] EDIT proj/views/appadmin.html: 3
[2014-03-21 22:43:39] EDIT proj/views/appadmin.html: -3
[2014-03-21 22:46:08] EDIT proj/views/appadmin.html: 2
[2014-03-21 22:47:03] EDIT proj/views/appadmin.html: -2
[2014-03-21 22:47:39] EDIT proj/views/appadmin.html: 2
[2014-03-21 22:47:49] EDIT proj/views/appadmin.html: 0
[2014-03-21 22:50:44] EDIT proj/views/appadmin.html: -2
[2014-03-21 22:56:23] EDIT proj/views/appadmin.html: 0
[2014-03-21 23:08:27] EDIT proj/views/appadmin.html: 0
[2014-03-21 23:11:35] EDIT proj/views/appadmin.html: 0
[2014-03-21 23:44:43] EDIT proj/views/appadmin.html: -36
[2014-03-21 23:47:11] EDIT proj/views/appadmin.html: 1
[2014-03-21 23:47:25] EDIT proj/views/appadmin.html: 0
[2014-03-21 23:47:27] EDIT proj/views/appadmin.html: 0
[2014-03-21 23:49:09] EDIT proj/views/appadmin.html: 0
[2014-03-21 23:49:32] EDIT proj/views/appadmin.html: -2
[2014-03-21 23:51:36] EDIT proj/views/appadmin.html: 31
[2014-03-21 23:53:07] EDIT proj/views/appadmin.html: -15
[2014-03-21 23:55:27] EDIT proj/views/appadmin.html: 12
[2014-03-21 23:57:44] EDIT proj/views/appadmin.html: -8
[2014-03-21 23:58:17] EDIT proj/views/appadmin.html: -2
[2014-03-21 23:58:48] EDIT proj/views/appadmin.html: -2
[2014-03-21 23:59:12] EDIT proj/views/appadmin.html: 0
[2014-03-22 00:01:58] EDIT proj/views/appadmin.html: 0
[2014-03-22 00:03:14] EDIT proj/views/appadmin.html: 0
[2014-03-22 22:27:37] EDIT proj/views/default/common.html: 0
[2014-03-22 22:49:48] CREATE user/grid.html: 0
[2014-03-22 22:50:14] EDIT proj/views/user/grid.html: 90
[2014-03-22 22:52:32] EDIT proj/controllers/user.py: 2
[2014-03-22 23:19:38] EDIT proj/controllers/user.py: 7
[2014-03-22 23:21:14] EDIT proj/controllers/user.py: 1
[2014-03-22 23:21:36] EDIT proj/views/user/grid.html: 0
[2014-03-22 23:25:31] EDIT proj/views/user/grid.html: 1
[2014-03-22 23:26:00] EDIT proj/views/user/grid.html: -1
[2014-03-22 23:26:56] EDIT proj/controllers/user.py: 0
[2014-03-22 23:30:31] EDIT proj/views/default/common.html: 0
[2014-03-22 23:33:41] EDIT proj/views/default/common.html: 0
[2014-03-22 23:39:18] EDIT proj/controllers/user.py: 0
[2014-03-22 23:43:36] EDIT proj/views/user/grid.html: -18
[2014-03-22 23:45:02] EDIT proj/views/user/grid.html: 1
[2014-03-22 23:46:10] EDIT proj/views/user/grid.html: 0
[2014-03-22 23:47:13] EDIT proj/views/user/grid.html: 0
[2014-03-22 23:49:48] EDIT proj/controllers/user.py: 0
[2014-03-22 23:50:10] EDIT proj/views/user/grid.html: 0
[2014-03-22 23:51:01] EDIT proj/controllers/user.py: 0
[2014-03-22 23:51:18] EDIT proj/views/user/grid.html: 0
[2014-03-22 23:51:41] EDIT proj/controllers/user.py: 0
[2014-03-22 23:52:59] EDIT proj/views/user/grid.html: -4
[2014-03-22 23:53:29] EDIT proj/views/user/grid.html: 0
[2014-03-22 23:54:46] EDIT proj/views/default/common.html: 0
[2014-03-22 23:55:21] EDIT proj/views/user/grid.html: -1
[2014-03-22 23:56:53] EDIT proj/controllers/user.py: 6
[2014-03-22 23:57:14] EDIT proj/controllers/user.py: 0
[2014-03-22 23:57:47] EDIT proj/views/user/grid.html: 1
[2014-03-22 23:58:21] EDIT proj/views/user/grid.html: 1
[2014-03-22 23:58:53] EDIT proj/controllers/user.py: 0
[2014-03-22 23:59:51] EDIT proj/controllers/user.py: 1
[2014-03-23 00:00:33] EDIT proj/controllers/user.py: -1
[2014-03-23 00:00:38] EDIT proj/controllers/user.py: 0
[2014-03-23 00:01:04] EDIT proj/controllers/user.py: 0
[2014-03-23 00:01:13] EDIT proj/views/user/grid.html: 0
[2014-03-23 00:01:33] EDIT proj/controllers/user.py: 0
[2014-03-23 00:02:08] EDIT proj/controllers/user.py: 0
[2014-03-23 00:02:13] EDIT proj/views/user/grid.html: 0
[2014-03-23 00:02:16] EDIT proj/controllers/user.py: 0
[2014-03-23 00:02:18] EDIT proj/views/default/common.html: 0
[2014-03-23 09:42:40] EDIT proj/views/default/common.html: 0
[2014-03-23 09:44:20] EDIT proj/views/user/grid.html: 0
[2014-03-23 09:46:14] EDIT proj/views/user/grid.html: 0
[2014-03-23 09:46:43] EDIT proj/controllers/user.py: 0
[2014-03-23 09:49:18] EDIT proj/views/user/grid.html: 0
[2014-03-23 09:53:51] EDIT proj/views/user/index.html: 24
[2014-03-23 09:54:29] EDIT proj/views/user/index.html: 1
[2014-03-23 10:06:58] EDIT proj/views/user/grid.html: 2
[2014-03-23 10:07:28] EDIT proj/controllers/user.py: 0
[2014-03-23 10:07:56] EDIT proj/controllers/user.py: 0
[2014-03-23 10:08:43] EDIT proj/views/user/grid.html: 0
[2014-03-23 10:09:41] EDIT proj/views/user/grid.html: 0
[2014-03-23 10:13:13] EDIT proj/views/user/grid.html: 0
[2014-03-23 10:13:17] EDIT proj/views/user/grid.html: -6
[2014-03-23 10:14:34] EDIT proj/views/default/common.html: 24
[2014-03-23 10:15:36] EDIT proj/views/user/grid.html: 0
[2014-03-23 10:17:17] EDIT proj/controllers/user.py: 2
[2014-03-23 10:17:44] EDIT proj/views/user/grid.html: 0
[2014-03-23 10:18:35] EDIT proj/views/user/grid.html: 1
[2014-03-23 10:18:40] EDIT proj/views/user/grid.html: 0
[2014-03-23 10:19:14] EDIT proj/views/user/grid.html: 0
[2014-03-23 10:37:10] EDIT proj/views/user/grid.html: 1
[2014-03-23 10:37:41] EDIT proj/views/user/grid.html: 0
[2014-03-23 10:38:01] EDIT proj/views/user/grid.html: -1
[2014-03-23 10:39:22] EDIT proj/views/user/grid.html: 2
[2014-03-23 10:40:24] EDIT proj/views/user/grid.html: 0
[2014-03-23 10:40:52] EDIT proj/views/user/grid.html: -1
[2014-03-23 10:41:12] EDIT proj/views/user/grid.html: 0
[2014-03-23 10:41:33] EDIT proj/views/user/grid.html: 0
[2014-03-23 10:41:46] EDIT proj/views/user/grid.html: -1
[2014-03-23 10:41:59] EDIT proj/views/user/grid.html: 0
[2014-03-23 10:43:55] EDIT proj/views/user/grid.html: 0
[2014-03-23 10:44:27] EDIT proj/views/user/grid.html: 0
[2014-03-23 10:49:26] EDIT proj/views/user/grid.html: 4
[2014-03-23 10:49:56] EDIT proj/views/user/grid.html: 0
[2014-03-23 10:51:12] EDIT proj/views/user/grid.html: -4
[2014-03-23 10:51:31] EDIT proj/views/user/grid.html: 0
[2014-03-23 10:52:07] EDIT proj/views/user/grid.html: 0
[2014-03-23 10:56:26] EDIT proj/views/user/grid.html: -1
[2014-03-23 10:56:32] EDIT proj/views/user/grid.html: 0
[2014-03-23 10:57:25] EDIT proj/views/user/grid.html: 0
[2014-03-23 10:57:34] EDIT proj/views/user/grid.html: 0
[2014-03-23 10:57:53] EDIT proj/views/user/grid.html: 0
[2014-03-23 11:03:02] EDIT proj/views/user/grid.html: 1
[2014-03-23 11:14:33] EDIT proj/views/user/grid.html: 0
[2014-03-23 11:17:49] EDIT proj/views/user/grid.html: 0
[2014-03-23 11:18:36] EDIT proj/views/user/grid.html: 0
[2014-03-23 11:22:15] EDIT proj/views/user/grid.html: 0
[2014-03-23 11:22:40] EDIT proj/views/user/grid.html: 0
[2014-03-23 11:27:32] EDIT proj/views/appadmin.html: 0
[2014-03-23 11:30:31] EDIT proj/views/appadmin.html: 1
[2014-03-23 11:31:04] EDIT proj/views/appadmin.html: 0
[2014-03-23 11:31:31] EDIT proj/views/appadmin.html: 0
[2014-03-23 11:32:38] EDIT proj/views/appadmin.html: 1
[2014-03-23 11:34:10] EDIT proj/views/appadmin.html: 0
[2014-03-23 11:36:05] EDIT proj/views/user/grid.html: 0
[2014-03-23 11:37:17] EDIT proj/views/appadmin.html: 0
[2014-03-23 11:40:29] EDIT proj/views/user/grid.html: 0
[2014-03-23 11:44:30] EDIT proj/views/user/grid.html: 0
[2014-03-23 11:44:47] EDIT proj/views/user/grid.html: 0
[2014-03-23 11:55:47] EDIT proj/views/user/grid.html: 0
[2014-03-23 11:57:02] EDIT proj/views/appadmin.html: 0
[2014-03-23 11:57:48] EDIT proj/views/appadmin.html: 0
[2014-03-23 11:59:45] EDIT proj/views/appadmin.html: 0
[2014-03-23 12:00:32] EDIT proj/views/appadmin.html: 0
[2014-03-23 12:01:32] EDIT proj/views/user/grid.html: 0
[2014-03-23 12:02:00] EDIT proj/views/user/grid.html: 0
[2014-03-23 12:03:51] EDIT proj/views/user/grid.html: 0
[2014-03-23 12:03:51] EDIT proj/views/user/grid.html: 0
[2014-03-23 12:07:05] EDIT proj/views/user/grid.html: 0
[2014-03-23 12:07:21] EDIT proj/views/user/grid.html: 0
[2014-03-23 12:16:34] EDIT proj/controllers/user.py: 2
[2014-03-23 12:16:53] EDIT proj/views/user/grid.html: 0
[2014-03-23 12:19:16] EDIT proj/views/user/grid.html: 0
[2014-03-25 17:45:05] EDIT proj/controllers/user.py: 4
[2014-03-25 17:46:37] CREATE user/inspic.html: 0
[2014-03-25 17:46:53] EDIT proj/views/user/inspic.html: 8
[2014-03-25 17:47:53] EDIT proj/controllers/user.py: 7
[2014-03-25 17:48:26] EDIT proj/controllers/user.py: 6
[2014-03-25 17:53:37] EDIT proj/views/user/inspic.html: 3
[2014-03-25 17:59:25] EDIT proj/controllers/user.py: 114
[2014-03-25 18:00:40] CREATE putpic.py: 0
[2014-03-25 18:01:15] EDIT proj/controllers/user.py: -133
[2014-03-25 18:02:12] EDIT proj/controllers/putpic.py: 554
[2014-03-25 18:04:58] CREATE putpic.html: 0
[2014-03-25 18:05:12] EDIT proj/views/putpic.html: 197
[2014-03-25 18:08:50] EDIT proj/views/appadmin.html: -16
[2014-03-25 18:12:57] EDIT proj/views/putpic.html: 52
[2014-03-25 18:14:01] EDIT proj/views/putpic.html: 0
[2014-03-25 18:17:53] EDIT proj/views/putpic.html: 6
[2014-03-25 18:18:24] EDIT proj/views/putpic.html: 1
[2014-03-25 18:19:53] EDIT proj/views/putpic.html: -61
[2014-03-25 18:29:34] EDIT proj/controllers/user.py: 9
[2014-03-25 18:30:41] CREATE user/define_table.html: 0
[2014-03-25 18:30:51] EDIT proj/views/user/define_table.html: 1
[2014-03-25 18:31:18] CREATE user/define_form.html: 0
[2014-03-25 18:31:26] EDIT proj/views/user/define_form.html: 1
[2014-03-25 18:32:16] CREATE user/display_form.html: 0
[2014-03-25 18:32:37] EDIT proj/views/user/display_form.html: 1
[2014-03-25 18:32:54] EDIT proj/views/user/display_form.html: -1
[2014-03-25 18:33:06] EDIT proj/views/user/display_form.html: -1
[2014-03-25 18:35:05] EDIT proj/views/user/display_form.html: 0
[2014-03-25 18:35:16] EDIT proj/views/user/display_form.html: -1
[2014-03-25 18:36:18] EDIT proj/views/user/display_form.html: 63
[2014-03-25 18:37:43] EDIT proj/views/user/display_form.html: -63
[2014-03-25 18:40:16] EDIT proj/views/user/index.html: -2
[2014-03-25 18:40:35] EDIT proj/views/user/display_form.html: 54
[2014-03-25 18:40:52] EDIT proj/views/user/display_form.html: 7
[2014-03-25 18:43:13] EDIT proj/views/user/display_form.html: -61
[2014-03-25 18:44:28] EDIT proj/views/user/grid.html: 0
[2014-03-25 18:46:23] EDIT proj/views/user/grid.html: 0
[2014-03-25 18:48:14] EDIT proj/views/user/display_form.html: 1
[2014-03-25 18:49:00] EDIT proj/views/user/display_form.html: -1
[2014-03-25 19:34:07] CREATE user/comments.html: 0
[2014-03-25 19:40:20] EDIT proj/views/user/grid.html: 1
[2014-03-25 19:41:04] EDIT proj/views/user/grid.html: 0
[2014-03-25 20:42:46] EDIT proj/views/user/display_form.html: 61
[2014-03-25 20:43:45] EDIT proj/views/user/display_form.html: -61
[2014-03-25 20:46:34] EDIT proj/views/user/comments.html: 85
[2014-03-25 20:47:31] EDIT proj/views/user/comments.html: 0
[2014-03-25 20:48:10] EDIT proj/controllers/user.py: 3
[2014-03-25 20:54:15] EDIT proj/views/user/comments.html: 0
[2014-03-25 20:56:28] EDIT proj/views/user/comments.html: 0
[2014-03-25 20:57:15] EDIT proj/views/user/comments.html: 0
[2014-03-25 21:00:00] EDIT proj/controllers/user.py: 0
[2014-03-25 21:01:17] EDIT proj/controllers/user.py: 0
[2014-03-25 21:02:03] EDIT proj/views/user/comments.html: 0
[2014-03-25 21:02:54] EDIT proj/controllers/user.py: 0
[2014-03-25 21:03:02] EDIT proj/views/user/comments.html: 0
[2014-03-25 21:03:50] EDIT proj/views/user/comments.html: 0
[2014-03-25 21:04:16] EDIT proj/views/user/comments.html: 0
[2014-03-25 21:06:11] EDIT proj/views/user/comments.html: 0
[2014-03-25 21:09:09] EDIT proj/views/user/comments.html: 0
[2014-03-25 21:10:07] EDIT proj/views/user/grid.html: 0
[2014-03-25 21:10:26] EDIT proj/views/user/comments.html: 0
[2014-03-25 21:11:51] EDIT proj/controllers/user.py: 0
[2014-03-25 21:12:00] EDIT proj/views/user/comments.html: 0
[2014-03-25 21:15:01] EDIT proj/views/user/comments.html: 0
[2014-03-25 21:15:12] EDIT proj/controllers/user.py: 0
[2014-03-25 21:15:27] EDIT proj/views/user/comments.html: 1
[2014-03-25 21:15:49] EDIT proj/views/user/comments.html: 0
[2014-03-25 21:16:51] EDIT proj/views/user/grid.html: 0
[2014-03-25 21:22:29] EDIT proj/views/user/grid.html: 0
[2014-03-25 21:24:12] EDIT proj/views/user/grid.html: 0
[2014-03-25 21:25:56] EDIT proj/views/user/comments.html: 0
[2014-03-25 21:26:26] EDIT proj/views/user/comments.html: 0
[2014-03-25 21:29:03] EDIT proj/views/user/comments.html: 1
[2014-03-25 21:29:58] EDIT proj/views/user/comments.html: -1
[2014-03-25 21:30:39] EDIT proj/views/user/comments.html: 0
[2014-03-25 21:42:54] EDIT proj/views/user/comments.html: 0
[2014-03-25 21:43:41] EDIT proj/views/user/comments.html: 0
[2014-03-25 21:43:57] EDIT proj/views/user/comments.html: 0
[2014-03-25 21:44:39] EDIT proj/views/user/grid.html: 0
[2014-03-25 21:44:54] EDIT proj/views/user/comments.html: 0
[2014-03-25 21:46:30] EDIT proj/views/user/comments.html: 0
[2014-03-25 21:46:45] EDIT proj/views/user/comments.html: 0
[2014-03-25 21:47:19] EDIT proj/views/user/comments.html: 0
[2014-03-25 21:48:22] EDIT proj/views/user/comments.html: 0
[2014-03-25 21:49:13] EDIT proj/views/user/comments.html: 1
[2014-03-25 21:49:55] EDIT proj/views/user/comments.html: -3
[2014-03-25 21:50:22] EDIT proj/views/user/comments.html: 0
[2014-03-25 21:50:33] EDIT proj/views/user/comments.html: 0
[2014-03-25 21:54:12] EDIT proj/views/user/comments.html: 2
[2014-03-25 21:54:38] EDIT proj/views/user/comments.html: 1
[2014-03-25 21:55:03] EDIT proj/views/user/comments.html: -3
[2014-03-25 21:58:19] EDIT proj/views/user/comments.html: 0
[2014-03-25 21:58:39] EDIT proj/views/user/comments.html: 0
[2014-03-25 21:59:04] EDIT proj/views/user/comments.html: 0
[2014-03-25 21:59:27] EDIT proj/views/user/comments.html: 0
[2014-03-25 22:02:11] EDIT proj/views/user/comments.html: 2
[2014-03-25 22:02:30] EDIT proj/views/user/comments.html: 0
[2014-03-25 22:05:40] EDIT proj/views/user/comments.html: 0
[2014-03-25 22:05:57] EDIT proj/views/user/comments.html: -2
[2014-03-25 22:06:17] EDIT proj/views/user/comments.html: 0
[2014-03-25 22:07:35] EDIT proj/views/user/comments.html: 1
[2014-03-25 22:08:19] EDIT proj/views/user/comments.html: -1
[2014-03-25 22:08:40] EDIT proj/views/user/comments.html: 0
[2014-03-25 22:20:44] EDIT proj/views/user/grid.html: 0
[2014-03-25 22:21:03] EDIT proj/views/user/comments.html: 0
[2014-03-25 22:22:00] EDIT proj/views/user/grid.html: 0
[2014-03-25 22:22:27] EDIT proj/views/user/comments.html: 0
[2014-03-25 22:22:50] EDIT proj/views/user/grid.html: 0
[2014-03-25 22:22:54] EDIT proj/views/user/comments.html: 0
[2014-03-25 22:23:23] EDIT proj/views/user/grid.html: 0
[2014-03-25 22:24:25] EDIT proj/views/user/grid.html: 1
[2014-03-25 22:24:27] EDIT proj/views/user/grid.html: 0
[2014-03-25 22:25:10] EDIT proj/views/user/grid.html: 0
[2014-03-25 22:25:42] EDIT proj/views/user/grid.html: 0
[2014-03-25 22:25:58] EDIT proj/views/user/grid.html: 0
[2014-03-25 22:26:28] EDIT proj/views/user/grid.html: 0
[2014-03-25 22:27:28] EDIT proj/views/user/grid.html: -1
[2014-03-25 22:28:10] EDIT proj/views/user/comments.html: 0
[2014-03-25 22:29:04] EDIT proj/views/user/grid.html: 0
[2014-03-25 22:29:28] EDIT proj/views/user/comments.html: 1
[2014-03-25 22:30:20] EDIT proj/views/user/grid.html: 0
[2014-03-25 22:30:29] EDIT proj/views/user/comments.html: 0
[2014-03-25 22:30:47] EDIT proj/views/user/comments.html: 0
[2014-03-25 22:30:56] EDIT proj/views/user/grid.html: 0
[2014-03-25 22:31:57] EDIT proj/views/user/grid.html: 0
[2014-03-25 22:32:22] EDIT proj/views/user/comments.html: -1
[2014-03-25 22:35:07] EDIT proj/controllers/user.py: 1
[2014-03-25 22:35:20] EDIT proj/views/user/comments.html: 0
[2014-03-25 22:35:40] EDIT proj/views/user/comments.html: 1
[2014-03-25 22:36:10] EDIT proj/controllers/user.py: 0
[2014-03-25 22:36:29] EDIT proj/views/user/comments.html: 0
[2014-03-25 22:36:33] EDIT proj/views/user/comments.html: 0
[2014-03-25 22:37:08] EDIT proj/views/user/comments.html: -1
[2014-03-25 22:38:03] EDIT proj/controllers/user.py: -1
[2014-03-25 22:39:53] EDIT proj/views/user/grid.html: 1
[2014-03-25 22:40:39] EDIT proj/views/user/grid.html: 0
[2014-03-25 22:42:00] EDIT proj/controllers/user.py: 0
[2014-03-25 22:42:53] EDIT proj/views/user/grid.html: 0
[2014-03-25 22:43:27] EDIT proj/views/user/grid.html: -1
[2014-03-25 22:43:30] EDIT proj/views/user/grid.html: 0
[2014-03-25 22:51:31] EDIT proj/views/user/grid.html: 0
[2014-03-25 22:51:51] EDIT proj/views/user/comments.html: 0
[2014-03-25 22:52:08] EDIT proj/views/user/comments.html: 0
[2014-03-25 22:55:01] EDIT proj/views/user/comments.html: 0
[2014-03-25 22:56:29] EDIT proj/views/user/comments.html: 0
[2014-03-25 22:57:17] EDIT proj/views/user/comments.html: 0
[2014-03-25 23:03:37] EDIT proj/views/user/comments.html: 0
[2014-03-25 23:14:25] EDIT proj/views/user/grid.html: 1
[2014-03-25 23:15:02] EDIT proj/views/user/comments.html: 0
[2014-03-25 23:15:32] EDIT proj/views/user/grid.html: 0
[2014-03-25 23:28:43] EDIT proj/views/user/grid.html: 0
[2014-03-25 23:29:21] EDIT proj/views/user/grid.html: 0
[2014-03-25 23:31:50] EDIT proj/views/user/comments.html: 0
[2014-03-25 23:32:24] EDIT proj/views/user/comments.html: 0
[2014-03-25 23:36:47] EDIT proj/views/user/grid.html: 0
[2014-03-25 23:37:11] EDIT proj/views/user/comments.html: 0
[2014-03-25 23:38:58] EDIT proj/views/user/grid.html: 0
[2014-03-25 23:39:57] EDIT proj/views/user/grid.html: 0
[2014-03-25 23:42:14] EDIT proj/controllers/user.py: 3
[2014-03-25 23:42:19] EDIT proj/views/user/comments.html: 0
[2014-03-25 23:42:46] EDIT proj/views/user/comments.html: 0
[2014-03-25 23:45:43] EDIT proj/controllers/user.py: 1
[2014-03-25 23:47:20] EDIT proj/controllers/user.py: 1
[2014-03-25 23:49:05] EDIT proj/controllers/user.py: 0
[2014-03-25 23:49:35] EDIT proj/controllers/user.py: -1
[2014-03-25 23:50:50] EDIT proj/controllers/user.py: 1
[2014-03-25 23:54:12] EDIT proj/controllers/user.py: 0
[2014-03-25 23:54:39] EDIT proj/controllers/user.py: 0
[2014-03-25 23:55:50] EDIT proj/controllers/user.py: 0
[2014-03-25 23:57:06] EDIT proj/controllers/user.py: 0
[2014-03-25 23:57:57] EDIT proj/controllers/user.py: 1
[2014-03-25 23:58:41] EDIT proj/controllers/user.py: 0
[2014-03-25 23:59:12] EDIT proj/controllers/user.py: 1
[2014-03-26 00:00:35] EDIT proj/controllers/user.py: 0
[2014-03-26 00:00:57] EDIT proj/controllers/user.py: 0
[2014-03-26 09:33:49] EDIT proj/views/user/comments.html: 1
[2014-03-26 09:34:12] EDIT proj/views/user/comments.html: 0
[2014-03-26 09:37:17] EDIT proj/views/user/grid.html: 0
[2014-03-26 09:38:18] EDIT proj/views/user/grid.html: 0
[2014-03-26 09:38:56] EDIT proj/views/user/grid.html: 0
[2014-03-26 09:39:12] EDIT proj/views/user/grid.html: 0
[2014-03-26 09:39:28] EDIT proj/views/user/grid.html: 0
[2014-03-26 09:40:55] EDIT proj/views/user/comments.html: -1
[2014-03-26 09:41:28] EDIT proj/views/user/comments.html: -1
[2014-03-26 09:42:29] EDIT proj/controllers/user.py: 0
[2014-03-26 09:44:09] EDIT proj/views/user/comments.html: 1
[2014-03-26 09:47:44] EDIT proj/views/user/comments.html: 0
[2014-03-26 09:48:15] EDIT proj/views/user/comments.html: 0
[2014-03-26 09:49:47] EDIT proj/views/user/comments.html: 0
[2014-03-26 09:50:03] EDIT proj/views/user/comments.html: 0
[2014-03-26 09:51:05] EDIT proj/controllers/user.py: 0
[2014-03-26 09:51:59] EDIT proj/controllers/user.py: 0
[2014-03-26 09:53:19] EDIT proj/controllers/user.py: 0
[2014-03-26 09:53:29] EDIT proj/controllers/user.py: 0
[2014-03-26 09:57:23] EDIT proj/controllers/user.py: 0
[2014-03-26 09:57:52] EDIT proj/controllers/user.py: 0
[2014-03-26 10:01:30] EDIT proj/views/user/grid.html: 0
[2014-03-26 10:03:57] EDIT proj/views/user/grid.html: 0
[2014-03-26 10:04:41] EDIT proj/views/user/comments.html: 1
[2014-03-26 10:05:23] EDIT proj/views/user/comments.html: 0
[2014-03-26 10:08:28] EDIT proj/views/user/comments.html: 1
[2014-03-26 10:08:43] EDIT proj/views/user/comments.html: -1
[2014-03-26 10:08:59] EDIT proj/views/user/comments.html: 0
[2014-03-26 10:11:06] EDIT proj/views/user/comments.html: 0
[2014-03-26 10:12:15] EDIT proj/views/user/comments.html: 0
[2014-03-26 10:13:54] EDIT proj/views/user/comments.html: 0
[2014-03-26 10:14:27] EDIT proj/views/user/comments.html: -1
[2014-03-26 10:14:59] EDIT proj/views/user/comments.html: 1
[2014-03-26 10:15:09] EDIT proj/controllers/user.py: 0
[2014-03-26 15:09:22] EDIT proj/views/default/common.html: -34
[2014-03-26 15:09:50] EDIT proj/views/default/common.html: 34
[2014-03-26 15:10:38] EDIT proj/views/user/comments.html: -25
[2014-03-26 15:11:22] EDIT proj/views/user/comments.html: -7
[2014-03-26 15:21:14] EDIT proj/models/db.py: 3
[2014-03-26 15:40:07] EDIT proj/controllers/user.py: 1
[2014-03-26 15:40:13] EDIT proj/controllers/user.py: 0
[2014-03-26 15:40:41] EDIT proj/views/user/comments.html: 1
[2014-03-26 15:41:32] EDIT proj/views/user/comments.html: 0
[2014-03-26 16:00:30] EDIT proj/controllers/user.py: 4
[2014-03-26 16:03:21] EDIT proj/views/user/display_form.html: 37
[2014-03-26 16:03:35] EDIT proj/views/user/display_form.html: 0
[2014-03-26 16:04:09] EDIT proj/views/user/display_form.html: -1
[2014-03-26 16:05:16] EDIT proj/controllers/user.py: -2
[2014-03-26 16:10:16] EDIT proj/controllers/user.py: 0
[2014-03-26 16:44:47] EDIT proj/views/user/comments.html: 2
[2014-03-26 16:45:23] EDIT proj/views/user/comments.html: 0
[2014-03-26 16:46:21] EDIT proj/controllers/user.py: 1
[2014-03-26 16:46:35] EDIT proj/controllers/user.py: 0
[2014-03-26 16:46:58] EDIT proj/views/user/comments.html: 0
[2014-03-26 16:47:18] EDIT proj/views/user/comments.html: -1
[2014-03-26 16:47:40] EDIT proj/controllers/user.py: -1
[2014-03-26 16:48:13] EDIT proj/views/user/comments.html: -1
[2014-03-26 16:48:37] EDIT proj/controllers/user.py: 1
[2014-03-26 16:49:06] EDIT proj/views/user/comments.html: 3
[2014-03-26 16:49:36] EDIT proj/views/user/comments.html: 0
[2014-03-26 16:49:52] EDIT proj/controllers/user.py: -1
[2014-03-26 16:50:55] EDIT proj/models/db.py: 1
[2014-03-26 16:51:22] EDIT proj/views/user/comments.html: 0
[2014-03-26 17:02:28] EDIT proj/views/user/comments.html: 3
[2014-03-26 17:02:49] EDIT proj/views/user/comments.html: 1
[2014-03-26 17:04:41] EDIT proj/controllers/user.py: 0
[2014-03-26 17:05:20] EDIT proj/views/user/comments.html: 0
[2014-03-26 17:06:46] EDIT proj/views/user/comments.html: 0
[2014-03-26 17:07:22] EDIT proj/views/user/comments.html: 0
[2014-03-26 17:08:33] EDIT proj/views/user/comments.html: 0
[2014-03-26 17:09:40] EDIT proj/views/user/comments.html: 0
[2014-03-26 17:10:09] EDIT proj/views/user/comments.html: 0
[2014-03-26 17:12:36] EDIT proj/views/user/comments.html: -4
[2014-03-26 17:14:16] EDIT proj/views/user/comments.html: 5
[2014-03-26 17:14:35] EDIT proj/views/user/comments.html: 1
[2014-03-26 17:15:45] EDIT proj/views/user/comments.html: -1
[2014-03-26 17:16:56] EDIT proj/views/user/comments.html: -4
[2014-03-26 17:17:13] EDIT proj/views/user/comments.html: 0
[2014-03-26 17:17:30] EDIT proj/views/user/comments.html: 0
[2014-03-26 17:17:40] EDIT proj/views/user/comments.html: 0
[2014-03-26 17:21:30] EDIT proj/controllers/user.py: 7
[2014-03-26 17:21:56] EDIT proj/views/user/comments.html: 1
[2014-03-26 17:21:58] EDIT proj/views/user/comments.html: 0
[2014-03-26 17:22:10] EDIT proj/views/user/comments.html: 1
[2014-03-26 17:22:11] EDIT proj/views/user/comments.html: 0
[2014-03-26 17:22:41] EDIT proj/views/user/comments.html: -2
[2014-03-26 17:23:23] EDIT proj/controllers/user.py: 1
[2014-03-26 17:24:03] EDIT proj/controllers/user.py: 0
[2014-03-26 17:24:39] EDIT proj/controllers/user.py: 1
[2014-03-26 17:25:05] EDIT proj/controllers/user.py: 0
[2014-03-26 17:25:39] EDIT proj/controllers/user.py: 1
[2014-03-26 17:26:59] EDIT proj/controllers/user.py: 0
[2014-03-26 17:28:58] EDIT proj/views/user/comments.html: 2
[2014-03-26 17:29:19] EDIT proj/views/user/comments.html: 0
[2014-03-26 17:29:37] EDIT proj/views/user/comments.html: 1
[2014-03-26 17:29:47] EDIT proj/views/user/comments.html: 0
[2014-03-26 17:30:50] EDIT proj/views/user/comments.html: 0
[2014-03-26 17:31:30] EDIT proj/views/user/comments.html: -1
[2014-03-26 21:54:20] EDIT proj/views/user/comments.html: -1
[2014-03-26 21:54:52] EDIT proj/views/user/comments.html: 0
[2014-03-26 21:58:05] EDIT proj/views/user/comments.html: 0
[2014-03-26 21:58:30] EDIT proj/views/user/comments.html: 0
[2014-03-26 22:00:51] EDIT proj/views/user/comments.html: 0
[2014-03-26 22:01:09] EDIT proj/views/user/comments.html: 0
[2014-03-26 22:01:20] EDIT proj/views/user/comments.html: 0
[2014-03-26 22:01:40] EDIT proj/views/user/comments.html: 0
[2014-03-26 22:03:42] EDIT proj/views/user/comments.html: 0
[2014-03-28 23:13:43] EDIT proj/views/user/comments.html: 7
[2014-03-28 23:14:26] EDIT proj/views/user/comments.html: 0
[2014-03-28 23:15:10] EDIT proj/views/user/comments.html: 0
[2014-03-28 23:15:15] EDIT proj/views/user/comments.html: 0
[2014-03-28 23:15:47] EDIT proj/views/user/comments.html: 0
[2014-03-28 23:16:26] EDIT proj/views/user/comments.html: 1
[2014-03-28 23:16:38] EDIT proj/views/user/comments.html: 0
[2014-03-28 23:16:53] EDIT proj/views/user/comments.html: 0
[2014-03-28 23:19:49] EDIT proj/controllers/user.py: 2
[2014-03-28 23:20:00] EDIT proj/views/user/comments.html: 0
[2014-03-28 23:22:50] EDIT proj/controllers/user.py: 1
[2014-03-28 23:23:28] EDIT proj/views/user/comments.html: 0
[2014-04-02 10:23:30] EDIT proj/views/appadmin.html: 0
[2014-04-06 10:33:50] EDIT proj/views/default/common.html: 0
[2014-04-06 10:34:10] EDIT proj/views/default/common.html: -1
[2014-04-09 11:58:13] EDIT proj/controllers/user.py: 1
[2014-04-09 12:04:14] EDIT proj/views/user/comments.html: 3
[2014-04-09 12:04:45] EDIT proj/views/user/comments.html: 3
[2014-04-09 12:06:58] EDIT proj/views/user/comments.html: 3
[2014-04-09 12:11:04] EDIT proj/views/user/comments.html: 3
[2014-04-09 12:32:03] EDIT proj/models/db.py: 1
[2014-04-09 12:39:01] EDIT proj/models/db.py: 0
[2014-04-09 12:39:20] EDIT proj/views/user/comments.html: 3
[2014-04-09 12:41:25] EDIT proj/models/db.py: 0
[2014-04-09 12:43:57] EDIT proj/views/user/comments.html: 0
[2014-04-09 12:46:42] EDIT proj/controllers/user.py: -3
[2014-04-09 12:47:11] EDIT proj/views/user/comments.html: 0
[2014-04-09 12:48:24] EDIT proj/controllers/user.py: -1
[2014-04-09 12:49:00] EDIT proj/models/db.py: 0
[2014-04-09 12:49:48] EDIT proj/views/user/comments.html: 0
[2014-04-09 12:50:12] EDIT proj/models/db.py: 0
[2014-04-09 12:50:31] EDIT proj/views/user/comments.html: 0
[2014-04-09 12:51:26] EDIT proj/views/user/comments.html: 0
[2014-04-09 12:51:45] EDIT proj/views/user/comments.html: 0
[2014-04-09 12:52:00] EDIT proj/views/user/comments.html: 0
[2014-04-09 12:53:07] EDIT proj/views/user/comments.html: 0
[2014-04-09 12:55:13] EDIT proj/views/user/comments.html: 0
[2014-04-09 12:57:48] EDIT proj/views/user/comments.html: 0
[2014-04-09 12:58:12] EDIT proj/views/user/comments.html: 0
[2014-04-09 14:12:51] EDIT proj/models/db.py: 1
[2014-04-09 14:13:23] EDIT proj/views/user/comments.html: 0
[2014-04-09 14:14:23] EDIT proj/views/user/comments.html: -3
[2014-04-09 14:33:13] EDIT proj/controllers/user.py: 2
[2014-04-09 14:33:30] EDIT proj/controllers/user.py: 0
[2014-04-09 14:33:59] EDIT proj/controllers/user.py: 0
[2014-04-09 14:34:46] EDIT proj/controllers/user.py: 0
[2014-04-09 14:36:15] EDIT proj/views/user/comments.html: 2
[2014-04-09 14:36:57] EDIT proj/views/user/comments.html: 0
[2014-04-09 14:40:50] EDIT proj/views/user/comments.html: 0
[2014-04-09 14:46:59] EDIT proj/views/user/comments.html: -6
[2014-04-09 14:47:36] EDIT proj/controllers/user.py: 0
[2014-04-09 15:03:08] EDIT proj/controllers/user.py: -1
[2014-04-09 15:05:02] EDIT proj/views/user/comments.html: 6
[2014-04-09 15:08:22] EDIT proj/controllers/user.py: 0
[2014-04-09 15:09:01] EDIT proj/views/user/comments.html: 1
[2014-04-09 15:13:22] EDIT proj/controllers/user.py: 0
[2014-04-09 15:13:33] EDIT proj/controllers/user.py: 0
[2014-04-09 15:15:39] EDIT proj/controllers/user.py: 0
[2014-04-09 15:15:48] EDIT proj/controllers/user.py: 0
[2014-04-09 15:16:09] EDIT proj/controllers/user.py: 0
[2014-04-09 15:17:07] EDIT proj/views/user/comments.html: 6
[2014-04-09 15:27:20] EDIT proj/views/user/comments.html: 3
[2014-04-09 15:30:45] EDIT proj/views/user/comments.html: 6
[2014-04-09 15:32:38] EDIT proj/views/user/comments.html: 2
[2014-04-09 15:32:39] EDIT proj/views/user/comments.html: 0
[2014-04-10 11:10:22] EDIT proj/controllers/user.py: 1
[2014-04-10 11:10:45] EDIT proj/views/user/comments.html: 0
[2014-04-10 11:12:48] EDIT proj/views/user/comments.html: -24
[2014-04-10 11:13:59] EDIT proj/controllers/user.py: 1
[2014-04-12 19:38:50] EDIT proj/controllers/user.py: 0
[2014-04-12 19:39:22] EDIT proj/views/user/comments.html: 0
[2014-04-12 19:39:56] EDIT proj/controllers/user.py: 0
[2014-04-12 19:41:25] EDIT proj/models/db.py: 0
[2014-04-12 19:41:42] EDIT proj/models/db.py: 0
[2014-04-12 19:42:18] EDIT proj/models/db.py: 0
[2014-04-12 19:45:29] EDIT proj/models/db.py: 2
[2014-04-12 19:46:57] EDIT proj/controllers/user.py: 1
[2014-04-12 19:47:26] EDIT proj/views/user/comments.html: 1
[2014-04-12 19:49:15] EDIT proj/controllers/user.py: 0
[2014-04-12 19:49:44] EDIT proj/controllers/user.py: -4
[2014-04-12 19:52:16] EDIT proj/controllers/user.py: 0
[2014-04-12 19:55:56] EDIT proj/controllers/user.py: -1
[2014-04-12 19:56:23] EDIT proj/views/user/comments.html: -1
[2014-04-12 19:56:57] EDIT proj/controllers/user.py: 0
[2014-04-12 20:00:51] EDIT proj/models/db.py: -2
[2014-04-12 20:01:22] EDIT proj/models/db.py: 1
[2014-04-12 20:02:21] EDIT proj/controllers/user.py: 0
[2014-04-12 20:02:50] EDIT proj/controllers/user.py: 0
[2014-04-12 20:03:58] EDIT proj/models/db.py: 0
[2014-04-12 20:06:09] EDIT proj/controllers/user.py: 0
[2014-04-12 20:06:43] EDIT proj/views/user/comments.html: 0
[2014-04-12 21:51:30] EDIT proj/views/user/comments.html: -4
[2014-04-12 21:53:53] EDIT proj/views/user/grid.html: -4
[2014-04-12 21:54:43] EDIT proj/views/default/common.html: -4
[2014-04-12 21:58:26] EDIT proj/models/db.py: 0
[2014-04-12 22:00:14] EDIT proj/models/db.py: 2
[2014-04-12 22:01:37] EDIT proj/controllers/user.py: 1
[2014-04-12 22:01:56] EDIT proj/views/user/grid.html: 1
[2014-04-12 22:06:43] EDIT proj/controllers/user.py: 0
[2014-04-12 22:07:01] EDIT proj/views/user/grid.html: 0
[2014-04-12 22:26:25] EDIT proj/views/user/comments.html: 0
[2014-04-12 22:32:54] EDIT proj/models/db.py: 0
[2014-04-12 22:48:45] EDIT proj/controllers/user.py: 4
[2014-04-12 22:48:51] EDIT proj/controllers/user.py: 0
[2014-04-12 22:49:02] EDIT proj/controllers/user.py: 0
[2014-04-12 22:49:36] EDIT proj/views/user/comments.html: 0
[2014-04-12 22:50:09] EDIT proj/controllers/user.py: 0
[2014-04-12 22:52:10] EDIT proj/controllers/user.py: 0
[2014-04-12 22:52:40] EDIT proj/controllers/user.py: 0
[2014-04-12 22:52:42] EDIT proj/controllers/user.py: 0
[2014-04-12 22:53:26] EDIT proj/models/db.py: -3
[2014-04-12 23:00:08] EDIT proj/views/user/comments.html: 0
[2014-04-12 23:02:36] EDIT proj/controllers/user.py: 0
[2014-04-12 23:04:26] EDIT proj/controllers/user.py: 0
[2014-04-12 23:04:40] EDIT proj/views/user/comments.html: 0
[2014-04-12 23:14:01] EDIT proj/views/user/comments.html: 0
[2014-04-12 23:16:25] EDIT proj/views/user/comments.html: 0
[2014-04-13 09:24:28] EDIT proj/controllers/user.py: -1
[2014-04-13 09:24:40] EDIT proj/views/user/grid.html: -1
[2014-04-13 09:25:17] EDIT proj/controllers/user.py: 0
[2014-04-13 09:40:52] EDIT proj/views/user/comments.html: 1
[2014-04-13 09:42:00] EDIT proj/views/user/comments.html: 1
[2014-04-13 09:42:31] EDIT proj/views/user/comments.html: -1
[2014-04-13 09:43:16] EDIT proj/controllers/user.py: 1
[2014-04-13 10:05:09] EDIT proj/controllers/user.py: -1
[2014-04-13 10:05:29] EDIT proj/controllers/user.py: 0
[2014-04-13 10:06:33] EDIT proj/views/user/comments.html: 0
[2014-04-13 10:08:30] EDIT proj/views/user/comments.html: 0
[2014-04-13 10:09:44] EDIT proj/controllers/user.py: -1
[2014-04-13 10:09:55] EDIT proj/controllers/user.py: 0
[2014-04-13 10:11:48] EDIT proj/views/user/comments.html: 0
[2014-04-13 10:13:18] EDIT proj/controllers/user.py: -3
[2014-04-13 10:14:23] EDIT proj/controllers/user.py: 0
[2014-04-13 10:16:37] EDIT proj/controllers/user.py: 2
[2014-04-13 10:16:47] EDIT proj/controllers/user.py: 0
[2014-04-13 10:32:07] EDIT proj/models/db.py: 0
[2014-04-13 10:34:22] EDIT proj/controllers/user.py: 0
[2014-04-13 10:35:39] EDIT proj/controllers/user.py: 0
[2014-04-13 10:36:59] EDIT proj/views/user/comments.html: -1
[2014-04-13 10:37:37] EDIT proj/views/user/comments.html: 0
[2014-04-13 10:39:52] EDIT proj/views/user/comments.html: -1
[2014-04-13 10:40:58] EDIT proj/controllers/user.py: 0
[2014-04-13 10:42:12] EDIT proj/controllers/user.py: 1
[2014-04-13 10:45:32] EDIT proj/controllers/user.py: 0
[2014-04-13 10:45:56] EDIT proj/controllers/user.py: 0
[2014-04-13 10:46:27] EDIT proj/views/user/comments.html: 1
[2014-04-13 10:46:55] EDIT proj/views/user/comments.html: 0
[2014-04-13 10:47:26] EDIT proj/controllers/user.py: 0
[2014-04-13 10:49:12] EDIT proj/views/user/comments.html: 0
[2014-04-13 10:49:24] EDIT proj/views/user/comments.html: 0
[2014-04-13 10:49:59] EDIT proj/views/user/comments.html: 0
[2014-04-13 10:50:44] EDIT proj/controllers/user.py: 0
[2014-04-13 10:52:41] EDIT proj/views/user/comments.html: 2
[2014-04-13 11:00:22] EDIT proj/views/user/comments.html: -2
[2014-04-13 11:02:20] EDIT proj/views/user/comments.html: 2
[2014-04-13 11:03:15] EDIT proj/views/user/comments.html: 0
[2014-04-13 11:34:00] EDIT proj/views/user/comments.html: 6
[2014-04-13 11:34:33] EDIT proj/views/user/comments.html: -3
[2014-04-13 11:37:38] EDIT proj/views/user/comments.html: -28
[2014-04-13 11:41:24] EDIT proj/views/user/comments.html: 0
[2014-04-13 11:42:02] EDIT proj/views/user/comments.html: 0
[2014-04-13 11:42:16] EDIT proj/views/user/comments.html: 0
[2014-04-13 11:42:37] EDIT proj/views/user/comments.html: 0
[2014-04-13 11:59:26] EDIT proj/models/db.py: -1
[2014-04-13 12:00:58] EDIT proj/views/default/common.html: 0
[2014-04-13 12:05:35] EDIT proj/views/user/comments.html: 0
[2014-04-13 12:12:06] EDIT proj/controllers/user.py: 1
[2014-04-13 12:13:06] EDIT proj/controllers/user.py: 0
[2014-04-13 12:13:11] EDIT proj/controllers/user.py: 0
[2014-04-13 12:14:24] EDIT proj/controllers/user.py: 0
[2014-04-13 12:16:51] EDIT proj/controllers/user.py: 0
[2014-04-13 12:19:10] EDIT proj/controllers/user.py: -2
[2014-04-13 12:19:36] EDIT proj/controllers/user.py: 0
[2014-04-13 12:21:18] EDIT proj/views/user/comments.html: 0
[2014-04-13 12:27:56] EDIT proj/controllers/user.py: -4
[2014-04-13 12:28:18] EDIT proj/controllers/user.py: -1
[2014-04-13 13:28:03] EDIT proj/controllers/user.py: 12
[2014-04-13 13:28:42] EDIT proj/controllers/user.py: 1
[2014-04-13 13:28:54] EDIT proj/controllers/user.py: 0
[2014-04-13 13:31:32] EDIT proj/views/user/comments.html: 5
[2014-04-13 13:32:38] EDIT proj/views/user/comments.html: 0
[2014-04-13 13:35:28] EDIT proj/views/user/comments.html: 0
[2014-04-13 13:36:23] EDIT proj/views/user/comments.html: 0
[2014-04-13 13:37:16] EDIT proj/models/db.py: 0
[2014-04-13 13:37:54] EDIT proj/views/user/comments.html: -5
[2014-04-13 13:38:27] EDIT proj/views/user/comments.html: 0
[2014-04-13 13:40:18] EDIT proj/controllers/user.py: 0
[2014-04-13 13:44:37] EDIT proj/controllers/user.py: 0
[2014-04-13 13:50:59] EDIT proj/controllers/user.py: 1
[2014-04-13 13:52:17] EDIT proj/controllers/user.py: 1
[2014-04-13 13:53:26] EDIT proj/controllers/user.py: -1
[2014-04-13 13:55:26] EDIT proj/controllers/user.py: 0
[2014-04-13 13:56:02] EDIT proj/controllers/user.py: 1
[2014-04-13 13:56:08] EDIT proj/controllers/user.py: 0
[2014-04-13 14:00:25] EDIT proj/views/user/comments.html: 3
[2014-04-13 14:01:57] EDIT proj/views/user/comments.html: 2
[2014-04-13 14:02:27] EDIT proj/controllers/user.py: 0
[2014-04-13 14:02:33] EDIT proj/controllers/user.py: 0
[2014-04-13 14:03:32] EDIT proj/views/user/comments.html: 0
[2014-04-13 14:04:39] EDIT proj/views/user/comments.html: 0
[2014-04-13 14:05:22] EDIT proj/views/user/comments.html: -1
[2014-04-13 14:07:41] EDIT proj/views/user/comments.html: 0
[2014-04-13 14:08:19] EDIT proj/views/user/comments.html: 0
[2014-04-13 14:09:19] EDIT proj/views/user/comments.html: 1
[2014-04-13 14:12:03] EDIT proj/views/user/comments.html: 4
[2014-04-13 14:28:08] EDIT proj/views/user/comments.html: 0
[2014-04-13 14:35:28] EDIT proj/views/user/comments.html: 0
[2014-04-13 14:36:26] EDIT proj/views/user/comments.html: 0
[2014-04-13 14:39:06] EDIT proj/views/user/comments.html: -4
[2014-04-13 14:40:47] EDIT proj/views/user/comments.html: 1
[2014-04-13 14:52:53] EDIT proj/views/user/comments.html: 0
[2014-04-13 14:53:36] EDIT proj/views/user/comments.html: 0
[2014-04-13 14:56:38] EDIT proj/views/user/comments.html: 0
[2014-04-13 15:07:52] EDIT proj/controllers/user.py: 11
[2014-04-13 15:08:08] EDIT proj/controllers/user.py: 0
[2014-04-13 15:08:19] EDIT proj/controllers/user.py: 0
[2014-04-13 15:10:39] EDIT proj/views/user/comments.html: 3
[2014-04-13 15:12:09] EDIT proj/views/user/comments.html: 0
[2014-04-13 15:12:16] EDIT proj/views/user/comments.html: 0
[2014-04-13 15:13:15] EDIT proj/views/user/comments.html: 2
[2014-04-13 15:21:16] EDIT proj/controllers/user.py: -5
[2014-04-13 15:23:05] EDIT proj/controllers/user.py: -5
[2014-04-13 15:23:51] EDIT proj/controllers/user.py: 0
[2014-04-13 15:24:36] EDIT proj/views/user/comments.html: -8
[2014-04-13 15:25:04] EDIT proj/views/user/comments.html: 0
[2014-04-13 15:25:47] EDIT proj/controllers/user.py: 0
[2014-04-13 15:27:46] EDIT proj/views/user/comments.html: 2
[2014-04-13 15:28:53] EDIT proj/views/user/comments.html: 5
[2014-04-13 15:30:33] EDIT proj/views/user/comments.html: 0
[2014-04-13 15:31:01] EDIT proj/views/user/comments.html: 0
[2014-04-13 15:31:55] EDIT proj/views/user/comments.html: -7
[2014-04-13 15:33:06] EDIT proj/views/user/comments.html: 0
[2014-04-13 15:33:32] EDIT proj/views/user/comments.html: 0
[2014-04-13 17:47:29] EDIT proj/models/db.py: 1
[2014-04-13 17:57:20] EDIT proj/controllers/user.py: 1
[2014-04-13 18:14:09] EDIT proj/views/user/comments.html: 3
[2014-04-13 18:17:22] EDIT proj/views/user/comments.html: 0
[2014-04-13 18:19:40] EDIT proj/views/user/comments.html: 0
[2014-04-13 18:31:05] EDIT proj/controllers/user.py: 5
[2014-04-13 18:31:32] EDIT proj/views/user/comments.html: 1
[2014-04-13 18:32:46] EDIT proj/controllers/user.py: 0
[2014-04-13 18:36:27] EDIT proj/views/user/comments.html: 0
[2014-04-13 18:37:08] EDIT proj/views/user/comments.html: -1
[2014-04-13 18:38:02] EDIT proj/views/user/comments.html: 0
[2014-04-13 18:48:20] EDIT proj/views/user/comments.html: 0
[2014-04-13 18:48:44] EDIT proj/views/user/comments.html: 0
[2014-04-13 19:01:15] EDIT proj/views/user/comments.html: 1
[2014-04-13 19:03:07] EDIT proj/controllers/user.py: -2
[2014-04-13 19:03:19] EDIT proj/controllers/user.py: 0
[2014-04-13 19:03:57] EDIT proj/controllers/user.py: 0
[2014-04-13 19:04:38] EDIT proj/controllers/user.py: 0
[2014-04-13 19:05:18] EDIT proj/controllers/user.py: 1
[2014-04-13 19:05:39] EDIT proj/controllers/user.py: 0
[2014-04-13 19:07:01] EDIT proj/views/user/comments.html: 0
[2014-04-13 19:09:50] EDIT proj/views/user/comments.html: 1
[2014-04-13 19:13:27] EDIT proj/views/user/comments.html: 8
[2014-04-13 19:39:21] EDIT proj/views/user/comments.html: 2
[2014-04-13 19:40:11] EDIT proj/views/user/comments.html: 0
[2014-04-13 19:40:54] EDIT proj/views/user/comments.html: 0
[2014-04-13 19:43:11] EDIT proj/views/user/comments.html: 1
[2014-04-13 19:45:24] EDIT proj/views/user/comments.html: -8
[2014-04-14 18:24:32] EDIT proj/controllers/default.py: -6
[2014-04-14 18:24:34] EDIT proj/controllers/default.py: 0
[2014-04-14 18:24:45] EDIT proj/controllers/default.py: 1
[2014-04-14 18:32:42] EDIT proj/models/db.py: 3
[2014-04-14 18:39:29] EDIT proj/views/default/index.html: 236
[2014-04-14 18:39:54] EDIT proj/controllers/default.py: 1
[2014-04-14 18:42:31] EDIT proj/controllers/default.py: 0
[2014-04-14 18:43:45] EDIT proj/views/default/index.html: 0
[2014-04-14 18:44:17] EDIT proj/controllers/default.py: 0
[2014-04-14 18:44:45] EDIT proj/controllers/default.py: 0
[2014-04-14 18:47:43] EDIT proj/views/default/index.html: 0
[2014-04-14 18:49:11] EDIT proj/views/default/index.html: 0
[2014-04-14 18:49:34] EDIT proj/views/default/index.html: 0
[2014-04-14 18:51:04] EDIT proj/views/default/index.html: 0
[2014-04-14 18:51:23] EDIT proj/views/default/index.html: 0
[2014-04-14 18:55:18] EDIT proj/views/default/index.html: 0
[2014-04-14 18:57:06] EDIT proj/views/default/index.html: 0
[2014-04-14 18:58:02] EDIT proj/views/default/index.html: 0
[2014-04-14 18:58:28] EDIT proj/views/default/index.html: 0
[2014-04-14 18:59:40] EDIT proj/views/default/common.html: 60
[2014-04-14 19:00:27] EDIT proj/views/default/common.html: 0
[2014-04-14 19:00:53] EDIT proj/controllers/default.py: 1
[2014-04-14 19:05:07] EDIT proj/views/default/common.html: 0
[2014-04-14 19:05:44] EDIT proj/views/default/common.html: 0
[2014-04-14 19:08:09] EDIT proj/views/default/common.html: 0
[2014-04-14 19:09:36] EDIT proj/views/default/common.html: 0
[2014-04-14 19:10:12] EDIT proj/views/default/common.html: 0
[2014-04-14 19:15:07] CREATE user/about.html: 0
[2014-04-14 19:15:41] EDIT proj/views/user/about.html: 45
[2014-04-14 19:17:53] EDIT proj/views/user/about.html: 1
[2014-04-14 19:18:04] EDIT proj/views/user/about.html: 0
[2014-04-14 19:18:47] EDIT proj/controllers/user.py: 3
[2014-04-14 19:19:44] EDIT proj/views/user/about.html: 93
[2014-04-14 19:20:47] EDIT proj/views/user/about.html: 15
[2014-04-14 19:21:34] EDIT proj/views/user/about.html: 0
[2014-04-14 19:26:41] EDIT proj/views/default/common.html: 0
[2014-04-14 19:27:06] EDIT proj/views/user/about.html: 0
[2014-04-14 19:27:11] EDIT proj/views/user/about.html: 0
[2014-04-14 19:27:45] EDIT proj/views/user/about.html: 0
[2014-04-14 19:28:41] EDIT proj/views/user/about.html: 0
[2014-04-14 19:29:05] EDIT proj/views/user/about.html: 0
[2014-04-14 19:30:16] EDIT proj/views/default/common.html: 0
[2014-04-14 19:30:28] EDIT proj/views/user/about.html: 0
[2014-04-14 19:30:48] EDIT proj/views/user/about.html: 0
[2014-04-14 19:31:52] EDIT proj/views/user/about.html: 0
[2014-04-14 19:32:21] EDIT proj/views/user/about.html: 0
[2014-04-14 19:32:46] EDIT proj/views/user/about.html: 0
[2014-04-14 19:35:05] EDIT proj/views/user/grid.html: 122
[2014-04-14 19:35:26] EDIT proj/views/user/grid.html: 0
[2014-04-14 19:38:51] CREATE user/upload.html: 0
[2014-04-14 19:40:19] EDIT proj/views/user/upload.html: 127
[2014-04-14 19:40:44] EDIT proj/controllers/user.py: 3
[2014-04-14 19:43:39] EDIT proj/views/user/about.html: 0
[2014-04-14 19:44:03] EDIT proj/views/user/about.html: 0
[2014-04-14 19:44:39] EDIT proj/views/user/upload.html: 0
[2014-04-14 19:45:06] EDIT proj/views/user/upload.html: 0
[2014-04-14 19:45:38] EDIT proj/views/user/about.html: 0
[2014-04-14 19:47:52] EDIT proj/controllers/user.py: 1
[2014-04-14 19:48:06] EDIT proj/views/user/upload.html: 1
[2014-04-14 19:48:37] EDIT proj/views/user/upload.html: 0
[2014-04-14 19:49:44] EDIT proj/controllers/user.py: 0
[2014-04-14 19:49:57] EDIT proj/controllers/user.py: 0
[2014-04-14 19:50:16] EDIT proj/controllers/user.py: 1
[2014-04-14 19:55:30] EDIT proj/controllers/user.py: 0
[2014-04-14 19:55:50] EDIT proj/controllers/user.py: -1
[2014-04-14 19:57:59] EDIT proj/controllers/user.py: 2
[2014-04-14 19:58:03] EDIT proj/controllers/user.py: 0
[2014-04-14 20:03:14] EDIT proj/controllers/user.py: 4
[2014-04-14 20:03:49] EDIT proj/controllers/user.py: 0
[2014-04-14 20:05:12] EDIT proj/controllers/user.py: 0
[2014-04-14 20:05:26] EDIT proj/controllers/user.py: 0
[2014-04-14 20:06:02] EDIT proj/controllers/user.py: 0
[2014-04-14 20:06:40] EDIT proj/controllers/user.py: 0
[2014-04-14 20:07:11] EDIT proj/controllers/user.py: 0
[2014-04-14 20:08:48] EDIT proj/controllers/user.py: 0
[2014-04-14 20:10:31] EDIT proj/controllers/user.py: -9
[2014-04-14 20:12:45] EDIT proj/views/user/grid.html: -19
[2014-04-14 20:13:31] EDIT proj/views/user/about.html: 0
[2014-04-14 20:14:42] EDIT proj/views/user/about.html: 0
[2014-04-14 20:14:50] EDIT proj/views/user/about.html: 0
[2014-04-14 20:16:35] EDIT proj/controllers/user.py: 0
[2014-04-14 20:17:18] EDIT proj/views/user/about.html: 0
[2014-04-14 20:17:58] EDIT proj/controllers/user.py: 0
[2014-04-14 20:18:41] EDIT proj/controllers/user.py: 1
[2014-04-14 20:19:25] EDIT proj/views/user/grid.html: 0
[2014-04-14 20:19:59] EDIT proj/views/user/grid.html: 0
[2014-04-14 20:21:20] EDIT proj/views/user/grid.html: 0
[2014-04-14 21:45:03] EDIT proj/views/user/grid.html: 1
[2014-04-14 21:46:20] EDIT proj/views/user/comments.html: 111
[2014-04-14 21:46:58] EDIT proj/views/user/comments.html: 0
[2014-04-14 21:47:56] EDIT proj/controllers/user.py: 0
[2014-04-14 21:48:24] EDIT proj/controllers/user.py: 0
[2014-04-14 21:51:45] EDIT proj/views/user/comments.html: 0
[2014-04-14 21:56:52] EDIT proj/views/user/comments.html: 1
[2014-04-14 21:57:36] EDIT proj/views/user/comments.html: 0
[2014-04-14 21:58:06] EDIT proj/views/user/comments.html: 0
[2014-04-14 21:58:16] EDIT proj/views/user/comments.html: 0
[2014-04-14 21:58:27] EDIT proj/views/user/comments.html: 0
[2014-04-14 21:58:39] EDIT proj/views/user/comments.html: 0
[2014-04-14 21:58:48] EDIT proj/views/user/comments.html: 0
[2014-04-14 21:58:57] EDIT proj/views/user/comments.html: 0
[2014-04-14 21:59:07] EDIT proj/views/user/comments.html: 0
[2014-04-14 21:59:16] EDIT proj/views/user/comments.html: 0
[2014-04-14 21:59:26] EDIT proj/views/user/comments.html: 0
[2014-04-14 22:01:30] EDIT proj/views/user/comments.html: -35
[2014-04-14 22:03:27] EDIT proj/views/user/comments.html: -4
[2014-04-14 22:03:47] EDIT proj/views/user/comments.html: -1
[2014-04-14 22:04:14] EDIT proj/views/user/comments.html: 1
[2014-04-14 22:04:51] EDIT proj/models/db.py: -1
[2014-04-14 22:05:42] EDIT proj/views/user/comments.html: 3
[2014-04-14 22:06:46] EDIT proj/controllers/user.py: 2
[2014-04-14 22:06:59] EDIT proj/controllers/user.py: 0
[2014-04-14 22:08:24] EDIT proj/controllers/user.py: 0
[2014-04-14 22:11:02] EDIT proj/views/user/comments.html: 13
[2014-04-14 22:29:14] EDIT proj/views/user/comments.html: 0
[2014-04-14 22:29:40] EDIT proj/views/user/comments.html: 0
[2014-04-14 22:30:04] EDIT proj/views/user/comments.html: 0
[2014-04-14 22:31:32] EDIT proj/views/user/comments.html: 0
[2014-04-14 22:32:15] EDIT proj/views/user/comments.html: 2
[2014-04-14 22:32:45] EDIT proj/views/user/comments.html: 0
[2014-04-14 22:35:27] EDIT proj/views/user/comments.html: 0
[2014-04-14 22:36:04] EDIT proj/views/user/comments.html: 0
[2014-04-14 22:36:23] EDIT proj/views/user/comments.html: 0
[2014-04-14 22:36:41] EDIT proj/views/user/comments.html: 0
[2014-04-14 22:37:00] EDIT proj/views/user/comments.html: 0
[2014-04-14 22:37:09] EDIT proj/views/user/comments.html: 0
[2014-04-14 22:37:21] EDIT proj/views/user/comments.html: 0
[2014-04-14 22:37:30] EDIT proj/views/user/comments.html: 0
[2014-04-14 22:37:39] EDIT proj/views/user/comments.html: 0
[2014-04-14 22:37:50] EDIT proj/views/user/comments.html: 0
[2014-04-14 22:56:19] EDIT proj/views/user/about.html: 13
[2014-04-14 22:57:18] EDIT proj/views/user/about.html: 12
[2014-04-15 18:26:16] EDIT proj/controllers/default.py: -3
[2014-04-15 18:26:46] EDIT proj/controllers/default.py: 0
[2014-04-15 18:26:55] EDIT proj/controllers/default.py: 1
[2014-04-15 18:27:07] EDIT proj/controllers/default.py: 0
[2014-04-15 18:27:42] EDIT proj/controllers/default.py: 0
[2014-04-15 18:28:00] EDIT proj/controllers/default.py: 0
[2014-04-15 18:35:21] EDIT proj/models/db.py: 23
[2014-04-15 18:35:46] EDIT proj/models/db.py: -2
[2014-04-15 18:36:21] EDIT proj/models/db.py: 0
[2014-04-15 18:36:45] EDIT proj/models/db.py: -21
[2014-04-15 18:41:11] EDIT proj/models/db.py: 17
[2014-04-15 18:42:35] EDIT proj/models/db.py: 0
[2014-04-15 18:43:19] EDIT proj/models/db.py: 0
[2014-04-15 18:46:49] EDIT proj/controllers/default.py: 0
[2014-04-15 18:51:15] EDIT proj/controllers/default.py: 3
[2014-04-15 18:51:38] CREATE default/register.html: 0
[2014-04-15 18:52:30] EDIT proj/views/default/register.html: 127
[2014-04-15 18:52:56] EDIT proj/controllers/default.py: 0
[2014-04-15 18:54:03] EDIT proj/views/default/register.html: -10
[2014-04-15 18:54:13] EDIT proj/views/default/register.html: 1
[2014-04-15 18:56:37] EDIT proj/controllers/default.py: -1
[2014-04-15 18:56:50] EDIT proj/views/default/register.html: 0
[2014-04-15 18:57:35] EDIT proj/views/default/register.html: 0
[2014-04-15 18:57:59] EDIT proj/controllers/default.py: 1
[2014-04-15 18:58:50] EDIT proj/controllers/default.py: 1
[2014-04-15 19:00:12] EDIT proj/views/default/register.html: 3
[2014-04-15 19:00:16] EDIT proj/views/default/register.html: 0
[2014-04-15 19:10:27] EDIT proj/controllers/default.py: 2
[2014-04-15 19:10:43] CREATE default/login.html: 0
[2014-04-15 19:11:56] EDIT proj/controllers/default.py: 0
[2014-04-15 19:12:24] EDIT proj/controllers/default.py: 2
[2014-04-15 19:12:31] EDIT proj/controllers/default.py: -4
[2014-04-15 19:12:58] CREATE default/test.html: 0
[2014-04-15 19:13:01] EDIT proj/views/default/test.html: 124
[2014-04-15 19:13:18] EDIT proj/views/default/register.html: -121
[2014-04-15 19:19:42] EDIT proj/views/default/register.html: 117
[2014-04-15 19:19:56] EDIT proj/views/default/register.html: 1
[2014-04-15 19:20:24] EDIT proj/views/default/register.html: 0
[2014-04-15 19:20:51] EDIT proj/controllers/default.py: 2
[2014-04-15 19:21:11] EDIT proj/controllers/default.py: 0
[2014-04-15 19:21:40] EDIT proj/models/db.py: -17
[2014-04-15 19:23:54] EDIT proj/models/db.py: 23
[2014-04-15 19:24:24] EDIT proj/models/db.py: -23
[2014-04-15 19:24:47] EDIT proj/models/db.py: 23
[2014-04-15 19:26:40] EDIT proj/models/db.py: -23
[2014-04-15 19:33:05] EDIT proj/models/db.py: 23
[2014-04-15 19:35:51] EDIT proj/views/default/login.html: 117
[2014-04-15 19:36:24] EDIT proj/views/default/login.html: 0
[2014-04-15 19:37:01] EDIT proj/views/default/login.html: 4
[2014-04-15 19:38:09] EDIT proj/views/default/login.html: 6
[2014-04-15 19:40:18] EDIT proj/views/default/login.html: -2
[2014-04-15 19:43:32] EDIT proj/views/default/index.html: 0
[2014-04-15 19:44:29] EDIT proj/controllers/user.py: 1
[2014-04-15 19:45:24] EDIT proj/controllers/default.py: -1
[2014-04-15 19:46:17] EDIT proj/controllers/user.py: 1
[2014-04-15 19:47:53] EDIT proj/controllers/default.py: -3
[2014-04-15 19:48:32] EDIT proj/views/user/index.html: 206
[2014-04-15 19:51:42] EDIT proj/controllers/user.py: 6
[2014-04-15 19:52:15] CREATE user/login.html: 0
[2014-04-15 19:52:34] EDIT proj/views/user/login.html: 125
[2014-04-15 19:52:46] CREATE user/register.html: 0
[2014-04-15 19:52:58] EDIT proj/views/user/register.html: 118
[2014-04-15 19:56:39] EDIT proj/views/user/index.html: 0
[2014-04-15 19:56:46] EDIT proj/views/user/login.html: 0
[2014-04-15 20:19:28] EDIT proj/views/default/login.html: 0
[2014-04-15 20:19:39] EDIT proj/views/default/register.html: 0
[2014-04-15 20:20:48] EDIT proj/controllers/default.py: -1
[2014-04-15 20:21:33] EDIT proj/controllers/default.py: 4
[2014-04-15 20:21:50] CREATE default/about.html: 0
[2014-04-15 20:22:29] EDIT proj/views/default/about.html: 179
[2014-04-15 20:25:06] EDIT proj/views/default/register.html: 0
[2014-04-15 20:25:25] EDIT proj/views/default/login.html: 0
[2014-04-15 20:26:38] EDIT proj/views/default/login.html: 0
[2014-04-15 20:27:01] EDIT proj/views/default/register.html: 0
[2014-04-15 20:28:18] EDIT proj/views/default/register.html: 0
[2014-04-15 20:28:41] DELETE proj/views/user/register.html: -121
[2014-04-15 20:28:50] DELETE proj/views/user/login.html: -128
[2014-04-15 20:29:44] EDIT proj/views/default/register.html: 0
[2014-04-15 20:30:14] EDIT proj/views/default/register.html: 1
[2014-04-15 20:31:10] EDIT proj/views/user/about.html: 0
[2014-04-15 20:31:47] DELETE proj/views/default/about.html: -182
[2014-04-15 20:32:01] EDIT proj/controllers/default.py: 0
[2014-04-15 20:32:32] EDIT proj/views/default/register.html: -1
[2014-04-15 20:32:39] EDIT proj/views/user/about.html: 0
[2014-04-15 20:32:44] EDIT proj/views/default/common.html: 0
[2014-04-15 20:33:30] EDIT proj/views/default/login.html: 0
[2014-04-15 20:33:46] EDIT proj/controllers/default.py: 0
[2014-04-15 20:35:24] EDIT proj/controllers/default.py: 0
[2014-04-15 20:38:10] EDIT proj/models/db.py: 1
[2014-04-15 20:39:31] EDIT proj/models/db.py: 0
[2014-04-15 20:40:58] EDIT proj/models/db.py: 0
[2014-04-15 20:43:31] EDIT proj/views/user/about.html: -1
[2014-04-15 20:45:53] EDIT proj/views/user/about.html: 0
[2014-04-15 20:47:42] EDIT proj/models/db.py: 0
[2014-04-15 20:50:11] EDIT proj/views/user/about.html: -5
[2014-04-15 20:51:39] EDIT proj/views/user/about.html: 4
[2014-04-15 20:53:16] EDIT proj/views/user/about.html: 0
[2014-04-15 20:58:58] EDIT proj/models/db.py: 2
[2014-04-15 20:59:04] EDIT proj/models/db.py: 0
[2014-04-15 20:59:10] EDIT proj/models/db.py: 0
[2014-04-15 20:59:45] EDIT proj/models/db.py: 0
[2014-04-15 21:00:05] EDIT proj/models/db.py: 0
[2014-04-15 21:01:11] EDIT proj/models/db.py: 0
[2014-04-15 21:01:18] EDIT proj/models/db.py: 0
[2014-04-15 21:01:23] EDIT proj/models/db.py: 0
[2014-04-15 21:01:29] EDIT proj/models/db.py: 0
[2014-04-15 21:02:13] EDIT proj/models/db.py: 0
[2014-04-15 21:03:44] EDIT proj/views/user/about.html: 0
[2014-04-15 21:05:13] EDIT proj/views/user/about.html: -5
[2014-04-15 21:06:37] EDIT proj/models/db.py: 0
[2014-04-15 21:07:00] EDIT proj/models/db.py: 0
[2014-04-15 21:07:18] EDIT proj/models/db.py: 0
[2014-04-15 21:07:43] EDIT proj/models/db.py: 0
[2014-04-15 21:08:27] EDIT proj/views/user/about.html: -1
[2014-04-15 21:08:57] EDIT proj/models/db.py: 0
[2014-04-15 21:11:51] EDIT proj/views/user/about.html: 0
[2014-04-15 21:12:08] EDIT proj/views/user/about.html: -1
[2014-04-15 21:12:24] EDIT proj/views/user/about.html: -1
[2014-04-15 21:13:26] EDIT proj/views/user/about.html: 3
[2014-04-15 21:14:27] EDIT proj/views/user/about.html: 0
[2014-04-15 21:15:50] EDIT proj/views/user/about.html: 0
[2014-04-15 21:16:36] EDIT proj/views/user/about.html: 0
[2014-04-15 21:50:08] EDIT proj/views/user/about.html: 0
[2014-04-15 21:50:49] EDIT proj/views/user/comments.html: 0
[2014-04-15 21:50:57] EDIT proj/views/user/upload.html: 0
[2014-04-15 21:51:14] EDIT proj/views/user/grid.html: 0
[2014-04-15 21:52:49] EDIT proj/views/user/comments.html: 0
[2014-04-15 21:54:00] EDIT proj/views/user/comments.html: 0
[2014-04-15 21:54:40] EDIT proj/views/user/comments.html: 0
[2014-04-15 21:56:02] EDIT proj/views/user/upload.html: 0
[2014-04-15 21:56:06] EDIT proj/views/user/grid.html: 0
[2014-04-15 21:58:03] EDIT proj/views/user/about.html: 0
[2014-04-15 21:58:35] EDIT proj/views/user/comments.html: 0
[2014-04-15 22:09:08] EDIT proj/views/user/comments.html: 0
[2014-04-15 22:10:03] EDIT proj/views/user/grid.html: 0
[2014-04-15 22:10:09] EDIT proj/views/user/upload.html: 0
[2014-04-15 22:10:11] EDIT proj/views/user/comments.html: 0
[2014-04-15 22:10:15] EDIT proj/views/user/about.html: 0
[2014-04-15 22:10:31] EDIT proj/views/user/about.html: 0
[2014-04-15 22:10:42] EDIT proj/views/user/upload.html: 0
[2014-04-15 22:10:51] EDIT proj/views/user/grid.html: 0
[2014-04-15 22:11:13] EDIT proj/views/user/grid.html: 0
[2014-04-15 22:11:21] EDIT proj/views/user/upload.html: 0
[2014-04-15 22:11:27] EDIT proj/views/user/comments.html: 0
[2014-04-15 22:11:39] EDIT proj/views/user/about.html: 0
[2014-04-15 22:13:54] EDIT proj/controllers/user.py: 2
[2014-04-15 22:24:05] EDIT proj/models/db.py: 1
[2014-04-15 22:24:22] EDIT proj/models/db.py: 0
[2014-04-15 22:26:06] EDIT proj/controllers/user.py: 0
[2014-04-15 22:27:36] EDIT proj/models/db.py: 0
[2014-04-15 22:29:17] EDIT proj/controllers/user.py: 1
[2014-04-15 22:29:40] EDIT proj/controllers/user.py: 0
[2014-04-15 22:30:49] EDIT proj/controllers/user.py: 1
[2014-04-15 22:31:11] EDIT proj/controllers/user.py: 0
[2014-04-15 22:31:28] EDIT proj/controllers/user.py: 0
[2014-04-15 22:32:05] EDIT proj/controllers/user.py: 0
[2014-04-15 22:32:40] EDIT proj/controllers/user.py: 0
[2014-04-15 22:33:35] EDIT proj/controllers/user.py: 0
[2014-04-15 22:34:34] EDIT proj/models/db.py: -1
[2014-04-15 22:41:22] EDIT proj/controllers/user.py: 1
[2014-04-15 22:41:47] EDIT proj/views/user/upload.html: 3
[2014-04-15 22:41:49] EDIT proj/views/user/upload.html: 0
[2014-04-15 22:48:05] EDIT proj/controllers/user.py: 2
[2014-04-15 22:48:33] EDIT proj/controllers/user.py: 0
[2014-04-15 22:48:40] EDIT proj/views/user/upload.html: -3
[2014-04-15 22:52:04] EDIT proj/controllers/user.py: -1
[2014-04-15 22:53:36] EDIT proj/controllers/user.py: 0
[2014-04-15 22:55:05] EDIT proj/controllers/user.py: 0
[2014-04-15 22:56:19] EDIT proj/views/user/grid.html: -4
[2014-04-15 22:57:13] EDIT proj/views/user/grid.html: 0
[2014-04-15 22:58:26] EDIT proj/controllers/user.py: 0
[2014-04-15 23:00:34] EDIT proj/controllers/user.py: 0
[2014-04-15 23:02:27] EDIT proj/controllers/user.py: 0
[2014-04-15 23:02:38] EDIT proj/controllers/user.py: 0
[2014-04-15 23:06:41] EDIT proj/views/user/comments.html: 0
[2014-04-15 23:13:59] EDIT proj/controllers/user.py: 0
[2014-04-15 23:17:03] EDIT proj/controllers/user.py: 0
[2014-04-15 23:23:13] EDIT proj/models/db.py: 0
[2014-04-15 23:23:45] EDIT proj/models/db.py: 0
[2014-04-15 23:23:47] EDIT proj/models/db.py: 0
[2014-04-15 23:26:12] EDIT proj/controllers/user.py: 2
[2014-04-15 23:26:29] EDIT proj/models/db.py: 0
[2014-04-15 23:27:23] EDIT proj/models/db.py: 0
[2014-04-15 23:28:14] EDIT proj/models/db.py: 0
[2014-04-15 23:28:33] EDIT proj/models/db.py: 0
[2014-04-15 23:30:15] EDIT proj/controllers/user.py: 0
[2014-04-15 23:31:54] EDIT proj/controllers/user.py: 1
[2014-04-15 23:31:56] EDIT proj/controllers/user.py: 0
[2014-04-15 23:33:29] EDIT proj/controllers/user.py: 0
[2014-04-15 23:34:13] EDIT proj/controllers/user.py: 0
[2014-04-15 23:39:40] EDIT proj/views/user/about.html: 0
[2014-04-15 23:39:53] EDIT proj/views/user/comments.html: 0
[2014-04-15 23:40:07] EDIT proj/views/user/upload.html: 0
[2014-04-15 23:40:18] EDIT proj/views/user/grid.html: 0
[2014-04-16 00:00:01] EDIT proj/views/user/comments.html: 6
[2014-04-16 00:00:53] EDIT proj/views/user/comments.html: 0
[2014-04-16 00:01:24] EDIT proj/views/user/comments.html: 0
[2014-04-16 00:02:04] EDIT proj/views/user/comments.html: 0
[2014-04-16 00:02:31] EDIT proj/views/user/comments.html: 0
[2014-04-16 00:03:08] EDIT proj/views/user/comments.html: 1
[2014-04-16 00:03:44] EDIT proj/views/user/comments.html: 1
[2014-04-16 00:04:11] EDIT proj/views/user/comments.html: 0
[2014-04-16 00:06:04] EDIT proj/views/user/comments.html: 4
[2014-04-16 00:06:12] EDIT proj/views/user/comments.html: 0
[2014-04-16 00:07:35] EDIT proj/views/user/comments.html: 3
[2014-04-16 00:08:04] EDIT proj/views/user/comments.html: 1
[2014-04-16 00:08:43] EDIT proj/views/user/comments.html: 1
[2014-04-16 00:09:18] EDIT proj/views/user/comments.html: 0
[2014-04-16 11:20:25] EDIT proj/views/user/comments.html: 1
[2014-04-16 11:21:20] EDIT proj/views/user/comments.html: 0
[2014-04-16 11:23:08] EDIT proj/views/user/comments.html: 1
[2014-04-16 11:24:52] EDIT proj/views/user/comments.html: 0
[2014-04-16 11:25:45] EDIT proj/views/user/comments.html: 1
[2014-04-16 11:27:04] EDIT proj/views/user/comments.html: 2
[2014-04-16 11:27:28] EDIT proj/views/user/comments.html: 0
[2014-04-16 11:28:21] EDIT proj/views/user/comments.html: 1
[2014-04-16 11:28:28] EDIT proj/views/user/comments.html: 0
[2014-04-16 11:29:48] EDIT proj/views/user/comments.html: 1
[2014-04-16 11:30:04] EDIT proj/views/user/comments.html: -1
[2014-04-16 11:30:36] EDIT proj/views/user/comments.html: -2
[2014-04-16 11:31:31] EDIT proj/views/user/comments.html: 0
[2014-04-16 11:32:48] EDIT proj/views/user/comments.html: 0
[2014-04-16 11:33:10] EDIT proj/views/user/comments.html: 0
[2014-04-16 11:33:36] EDIT proj/views/user/comments.html: 0
[2014-04-16 11:33:59] EDIT proj/views/user/comments.html: 0
[2014-04-16 11:34:20] EDIT proj/views/user/comments.html: 0
[2014-04-16 11:34:25] EDIT proj/views/user/comments.html: 0
[2014-04-16 11:38:11] EDIT proj/views/user/comments.html: 0
[2014-04-16 11:39:33] EDIT proj/views/user/comments.html: 0
[2014-04-16 11:41:24] EDIT proj/views/user/comments.html: 2
[2014-04-16 11:41:44] EDIT proj/views/user/comments.html: 0
[2014-04-16 11:42:23] EDIT proj/views/user/comments.html: 1
[2014-04-16 11:43:01] EDIT proj/views/user/comments.html: 1
[2014-04-16 11:44:00] EDIT proj/views/user/comments.html: 1
[2014-04-16 11:45:09] EDIT proj/views/user/comments.html: -1
[2014-04-16 11:45:44] EDIT proj/views/user/comments.html: -1
[2014-04-16 11:46:45] EDIT proj/views/user/comments.html: 0
[2014-04-16 11:49:32] EDIT proj/views/user/upload.html: 1
[2014-04-16 11:49:55] EDIT proj/views/user/upload.html: 0
[2014-04-16 11:50:12] EDIT proj/views/user/upload.html: -1
[2014-04-16 11:50:25] EDIT proj/views/user/upload.html: 1
[2014-04-16 11:50:48] EDIT proj/views/user/upload.html: 0
[2014-04-16 11:52:21] CREATE user/friends.py: 0
[2014-04-16 11:52:49] EDIT proj/controllers/user/friends.py: 129
[2014-04-16 11:53:45] DELETE proj/controllers/user/friends.py: -1
[2014-04-16 11:54:14] CREATE user/friends.html: 0
[2014-04-16 11:54:37] EDIT proj/views/user/friends.html: 127
[2014-04-16 11:56:05] EDIT proj/controllers/user.py: 3
[2014-04-16 11:56:21] EDIT proj/views/user/friends.html: 1
[2014-04-16 11:56:23] EDIT proj/views/user/friends.html: 0
[2014-04-16 11:57:12] EDIT proj/views/user/friends.html: 0
[2014-04-16 11:57:41] EDIT proj/controllers/user.py: 1
[2014-04-16 11:57:49] EDIT proj/views/user/friends.html: 0
[2014-04-16 11:58:06] EDIT proj/controllers/user.py: 0
[2014-04-16 11:58:57] EDIT proj/views/user/friends.html: 1
[2014-04-16 11:59:10] EDIT proj/views/user/friends.html: 1
[2014-04-16 12:00:18] EDIT proj/views/user/friends.html: 2
[2014-04-16 12:01:25] EDIT proj/views/user/friends.html: 0
[2014-04-16 12:04:02] EDIT proj/views/user/friends.html: 0
[2014-04-16 12:04:40] EDIT proj/views/user/friends.html: 0
[2014-04-16 12:04:57] EDIT proj/views/user/upload.html: 0
[2014-04-16 12:05:19] EDIT proj/views/user/comments.html: 0
[2014-04-16 12:05:38] EDIT proj/views/user/grid.html: 0
[2014-04-16 12:06:03] EDIT proj/views/user/about.html: 0
[2014-04-16 12:13:52] EDIT proj/models/db.py: 1
[2014-04-16 12:15:08] EDIT proj/controllers/user.py: 1
[2014-04-16 12:15:21] EDIT proj/models/db.py: -1
[2014-04-16 12:19:24] EDIT proj/models/db.py: 1
[2014-04-16 12:19:26] EDIT proj/models/db.py: 0
[2014-04-16 12:19:41] EDIT proj/models/db.py: 0
[2014-04-16 12:22:27] EDIT proj/views/user/grid.html: 0
[2014-04-16 12:23:03] EDIT proj/views/user/comments.html: 1
[2014-04-16 12:23:21] EDIT proj/views/user/grid.html: 0
[2014-04-16 12:24:27] EDIT proj/views/user/comments.html: 0
[2014-04-16 12:25:33] EDIT proj/views/user/comments.html: 2
[2014-04-16 12:27:36] EDIT proj/views/user/comments.html: -3
[2014-04-16 12:29:14] EDIT proj/views/user/comments.html: 3
[2014-04-16 12:29:31] EDIT proj/views/user/grid.html: 0
[2014-04-16 12:40:32] EDIT proj/controllers/user.py: -3
[2014-04-16 12:40:42] EDIT proj/controllers/user.py: 0
[2014-04-16 12:40:57] EDIT proj/controllers/user.py: 0
[2014-04-16 12:41:05] EDIT proj/controllers/user.py: 0
[2014-04-16 12:41:34] EDIT proj/views/user/grid.html: 3
[2014-04-16 12:42:10] EDIT proj/controllers/user.py: -1
[2014-04-16 12:42:22] EDIT proj/views/user/grid.html: 0
[2014-04-16 12:42:29] EDIT proj/views/user/grid.html: 0
[2014-04-16 12:42:51] EDIT proj/views/user/grid.html: -3
[2014-04-16 12:43:39] EDIT proj/views/user/grid.html: 0
[2014-04-16 12:44:25] EDIT proj/views/user/grid.html: 1
[2014-04-16 12:44:36] EDIT proj/views/user/grid.html: 0
[2014-04-16 12:44:39] EDIT proj/controllers/user.py: 0
[2014-04-16 12:45:25] EDIT proj/views/user/grid.html: 0
[2014-04-16 12:45:44] EDIT proj/views/user/grid.html: 0
[2014-04-16 12:47:10] EDIT proj/views/user/grid.html: 4
[2014-04-16 12:48:40] EDIT proj/views/user/friends.html: 0
[2014-04-16 12:48:51] EDIT proj/views/user/friends.html: 0
[2014-04-16 12:50:24] EDIT proj/views/user/grid.html: 3
[2014-04-16 12:51:14] EDIT proj/views/user/friends.html: 0
[2014-04-16 12:54:47] EDIT proj/views/user/about.html: 1
[2014-04-16 12:55:17] EDIT proj/views/user/about.html: 1
[2014-04-16 12:56:04] EDIT proj/views/user/about.html: 0
[2014-04-16 12:59:31] EDIT proj/controllers/user.py: -1
[2014-04-16 13:00:49] EDIT proj/models/db.py: 1
[2014-04-16 13:02:43] EDIT proj/models/db.py: 0
[2014-04-16 13:07:16] EDIT proj/controllers/user.py: 1
[2014-04-16 13:07:28] EDIT proj/views/user/about.html: 1
[2014-04-16 13:10:05] EDIT proj/models/db.py: 0
[2014-04-16 13:10:43] EDIT proj/views/user/about.html: 0
[2014-04-16 13:14:16] EDIT proj/models/db.py: 0
[2014-04-16 13:15:56] EDIT proj/models/db.py: 0
[2014-04-16 13:16:35] EDIT proj/views/user/about.html: 1
[2014-04-16 13:17:21] EDIT proj/views/user/about.html: -1
[2014-04-16 13:19:13] EDIT proj/controllers/user.py: 1
[2014-04-16 13:20:08] EDIT proj/controllers/user.py: -2
[2014-04-16 13:20:33] EDIT proj/views/user/about.html: 0
[2014-04-16 13:21:00] EDIT proj/controllers/user.py: 0
[2014-04-16 13:23:30] EDIT proj/controllers/user.py: 1
[2014-04-16 13:23:41] EDIT proj/views/user/about.html: 0
[2014-04-16 13:24:41] EDIT proj/controllers/user.py: 1
[2014-04-16 13:25:38] EDIT proj/controllers/user.py: 0
[2014-04-16 13:25:59] EDIT proj/controllers/user.py: 0
[2014-04-16 13:27:01] EDIT proj/controllers/user.py: 0
[2014-04-16 13:27:15] EDIT proj/controllers/user.py: 0
[2014-04-16 13:28:01] EDIT proj/controllers/user.py: -1
[2014-04-16 13:29:23] EDIT proj/models/db.py: 0
[2014-04-16 13:29:59] EDIT proj/views/user/about.html: 0
[2014-04-16 13:30:18] EDIT proj/views/user/about.html: 0
[2014-04-16 13:30:32] EDIT proj/views/user/about.html: 0
[2014-04-16 13:31:03] EDIT proj/controllers/user.py: 0
[2014-04-16 13:31:09] EDIT proj/views/user/about.html: 0
[2014-04-16 13:31:33] EDIT proj/views/user/about.html: -1
[2014-04-16 14:06:03] EDIT proj/views/user/about.html: 0
[2014-04-16 14:27:19] EDIT proj/views/user/grid.html: 275
[2014-04-16 14:28:52] EDIT proj/views/user/grid.html: 0
[2014-04-16 14:43:11] EDIT proj/views/user/grid.html: 2
[2014-04-16 14:51:39] EDIT proj/views/user/grid.html: 0
[2014-04-16 14:53:45] EDIT proj/views/user/grid.html: 1
[2014-04-16 14:54:07] EDIT proj/views/user/grid.html: 0
[2014-04-16 14:55:28] EDIT proj/views/user/grid.html: -1
[2014-04-16 14:56:13] EDIT proj/views/user/grid.html: 0
[2014-04-16 15:06:27] EDIT proj/views/user/grid.html: -4
[2014-04-16 15:06:37] EDIT proj/views/user/grid.html: 0
[2014-04-16 15:08:10] EDIT proj/views/user/grid.html: 0
[2014-04-16 15:23:56] EDIT proj/views/user/grid.html: 1
[2014-04-16 15:24:57] EDIT proj/views/user/grid.html: 0
[2014-04-16 15:25:15] EDIT proj/views/user/grid.html: 0
[2014-04-16 15:26:21] EDIT proj/views/user/grid.html: -1
[2014-04-16 15:27:43] EDIT proj/views/user/grid.html: -3
[2014-04-16 15:28:13] EDIT proj/views/user/grid.html: 0
[2014-04-16 15:29:56] EDIT proj/views/user/grid.html: -271
[2014-04-16 15:32:53] EDIT proj/views/user/grid.html: 0
[2014-04-16 15:33:49] EDIT proj/views/user/grid.html: 0
[2014-04-16 15:34:27] EDIT proj/views/user/grid.html: 0
[2014-04-16 15:34:49] EDIT proj/views/user/grid.html: 1
[2014-04-16 15:35:40] EDIT proj/views/user/grid.html: 0
[2014-04-16 15:44:12] EDIT proj/views/user/friends.html: 6
[2014-04-16 15:44:57] EDIT proj/views/user/friends.html: 4
[2014-04-16 15:45:29] EDIT proj/views/user/friends.html: 1
[2014-04-16 15:48:04] EDIT proj/views/user/comments.html: 0
[2014-04-16 15:49:25] EDIT proj/views/user/friends.html: 0
[2014-04-16 15:49:56] EDIT proj/views/user/friends.html: 0
[2014-04-16 18:59:04] EDIT proj/views/user/grid.html: 1
[2014-04-16 19:03:39] EDIT proj/controllers/user.py: 0
[2014-04-16 19:04:50] EDIT proj/views/user/about.html: -2
[2014-04-16 19:05:11] EDIT proj/views/user/about.html: 0
[2014-04-16 19:06:21] EDIT proj/controllers/user.py: 2
[2014-04-16 19:06:53] EDIT proj/controllers/user.py: 0
[2014-04-16 19:07:07] EDIT proj/views/user/about.html: 0
[2014-04-16 19:07:34] EDIT proj/controllers/user.py: 0
[2014-04-16 19:09:04] EDIT proj/views/user/about.html: 0
[2014-04-16 19:10:08] EDIT proj/controllers/user.py: 0
[2014-04-16 19:10:43] EDIT proj/controllers/user.py: 0
[2014-04-16 19:11:55] EDIT proj/controllers/user.py: 0
[2014-04-16 19:12:20] EDIT proj/controllers/user.py: 0
[2014-04-16 19:14:27] EDIT proj/controllers/user.py: 0
[2014-04-16 19:14:33] EDIT proj/views/user/about.html: -1
[2014-04-16 19:15:03] EDIT proj/controllers/user.py: 0
[2014-04-16 19:15:46] EDIT proj/controllers/user.py: 0
[2014-04-16 19:18:09] EDIT proj/views/user/about.html: 1
[2014-04-16 19:20:42] EDIT proj/views/user/about.html: 0
[2014-04-16 19:20:49] EDIT proj/controllers/user.py: 0
[2014-04-16 19:20:55] EDIT proj/controllers/user.py: 0
[2014-04-16 19:29:36] EDIT proj/controllers/user.py: 0
[2014-04-16 19:29:54] EDIT proj/controllers/user.py: 0
[2014-04-16 19:31:17] EDIT proj/controllers/user.py: 1
[2014-04-16 19:31:29] EDIT proj/controllers/user.py: 0
[2014-04-16 19:32:00] EDIT proj/controllers/user.py: 1
[2014-04-16 19:34:06] EDIT proj/controllers/user.py: 0
[2014-04-16 19:35:15] EDIT proj/controllers/user.py: 0
[2014-04-16 19:35:43] EDIT proj/controllers/user.py: 0
[2014-04-16 19:36:21] EDIT proj/controllers/user.py: 0
[2014-04-16 19:38:01] EDIT proj/models/db.py: 0
[2014-04-16 19:38:43] EDIT proj/controllers/user.py: 1
[2014-04-16 19:38:56] EDIT proj/controllers/user.py: 0
[2014-04-16 19:39:23] EDIT proj/views/user/about.html: 0
[2014-04-16 19:40:16] EDIT proj/controllers/user.py: 1
[2014-04-16 19:41:04] EDIT proj/controllers/user.py: 1
[2014-04-16 19:41:27] EDIT proj/controllers/user.py: 0
[2014-04-16 19:43:00] EDIT proj/controllers/user.py: -1
[2014-04-16 19:44:59] EDIT proj/views/user/about.html: 0
[2014-04-16 20:59:34] EDIT proj/controllers/user.py: 0
[2014-04-16 21:14:45] EDIT proj/views/user/grid.html: 271
[2014-04-16 21:19:45] EDIT proj/views/user/grid.html: 1
[2014-04-16 21:20:02] EDIT proj/views/user/grid.html: 0
[2014-04-16 21:20:13] EDIT proj/views/user/grid.html: 0
[2014-04-16 21:24:32] EDIT proj/views/user/grid.html: 0
[2014-04-16 21:26:12] EDIT proj/views/user/grid.html: 0
[2014-04-16 21:34:38] EDIT proj/views/user/grid.html: -1
[2014-04-16 21:34:57] EDIT proj/views/user/grid.html: 0
[2014-04-16 21:35:47] EDIT proj/views/user/grid.html: 0
[2014-04-16 21:36:36] EDIT proj/views/user/grid.html: 0
[2014-04-16 21:36:59] EDIT proj/views/user/grid.html: 0
[2014-04-16 21:38:22] EDIT proj/views/user/upload.html: 0
[2014-04-16 21:38:41] EDIT proj/views/user/upload.html: 0
[2014-04-16 21:39:30] EDIT proj/views/user/upload.html: 3
[2014-04-16 21:40:22] EDIT proj/views/user/upload.html: 0
[2014-04-16 21:41:23] EDIT proj/views/user/upload.html: -1
[2014-04-16 21:41:58] EDIT proj/views/user/upload.html: 1
[2014-04-16 21:43:20] EDIT proj/views/user/upload.html: 0
[2014-04-16 21:44:04] EDIT proj/views/user/upload.html: 0
[2014-04-16 21:44:20] EDIT proj/views/user/upload.html: 0
[2014-04-16 21:45:07] EDIT proj/views/user/upload.html: 0
[2014-04-16 21:45:37] EDIT proj/views/user/upload.html: 0
[2014-04-16 21:45:49] EDIT proj/views/user/upload.html: 0
[2014-04-16 21:46:10] EDIT proj/views/user/upload.html: 0
[2014-04-16 21:46:23] EDIT proj/views/user/upload.html: 0
[2014-04-16 21:46:36] EDIT proj/views/user/upload.html: 0
[2014-04-16 21:46:49] EDIT proj/views/user/upload.html: 0
[2014-04-16 21:47:06] EDIT proj/views/user/upload.html: 0
[2014-04-16 21:47:16] EDIT proj/views/user/upload.html: 0
[2014-04-16 21:47:25] EDIT proj/views/user/upload.html: 0
[2014-04-16 21:47:45] EDIT proj/views/user/upload.html: 0
[2014-04-16 21:48:25] EDIT proj/views/user/upload.html: 2
[2014-04-16 21:48:38] EDIT proj/views/user/upload.html: 0
[2014-04-16 21:50:42] EDIT proj/views/user/upload.html: 4
[2014-04-16 21:51:01] EDIT proj/views/user/upload.html: 1
[2014-04-16 21:52:15] EDIT proj/views/user/upload.html: 3
[2014-04-16 21:52:56] EDIT proj/views/user/upload.html: 0
[2014-04-16 21:54:49] EDIT proj/views/user/upload.html: 5
[2014-04-16 22:22:31] EDIT proj/views/user/grid.html: 0
[2014-04-16 22:24:50] EDIT proj/views/user/comments.html: 1
[2014-04-16 22:26:12] EDIT proj/views/user/comments.html: 0
[2014-04-16 22:26:54] EDIT proj/views/user/comments.html: 0
[2014-04-16 22:27:03] EDIT proj/views/user/comments.html: 0
[2014-04-16 22:27:54] EDIT proj/views/user/comments.html: 0
[2014-04-16 22:28:28] EDIT proj/views/user/comments.html: 0
[2014-04-16 22:32:05] EDIT proj/views/user/friends.html: 4
[2014-04-16 22:33:45] EDIT proj/views/user/friends.html: 0
[2014-04-16 22:35:27] EDIT proj/views/user/grid.html: 3
[2014-04-16 22:35:50] EDIT proj/views/user/comments.html: 3
[2014-04-16 22:36:07] EDIT proj/views/user/upload.html: 0
[2014-04-16 22:37:46] EDIT proj/views/user/friends.html: 0
[2014-04-16 22:38:26] EDIT proj/views/user/grid.html: 1
[2014-04-16 22:40:07] EDIT proj/views/user/grid.html: 0
[2014-04-16 22:40:17] EDIT proj/views/user/grid.html: 0
[2014-04-16 22:42:18] EDIT proj/views/user/grid.html: 1
[2014-04-16 22:45:39] EDIT proj/views/user/grid.html: -3
[2014-04-16 22:47:50] EDIT proj/views/user/comments.html: 0
[2014-04-16 22:48:26] EDIT proj/views/user/comments.html: 0
[2014-04-16 22:49:30] EDIT proj/views/user/comments.html: 2
[2014-04-16 22:50:07] EDIT proj/views/user/comments.html: 0
[2014-04-16 22:50:42] EDIT proj/views/user/comments.html: 1
[2014-04-16 22:52:14] EDIT proj/views/user/comments.html: 0
[2014-04-16 22:52:22] EDIT proj/views/user/comments.html: 0
[2014-04-16 22:53:13] EDIT proj/views/user/comments.html: 0
[2014-04-16 22:54:50] EDIT proj/views/user/comments.html: 0
[2014-04-16 22:55:08] EDIT proj/views/user/comments.html: 0
[2014-04-16 22:55:22] EDIT proj/views/user/comments.html: 0
[2014-04-16 22:55:29] EDIT proj/views/user/comments.html: 0
[2014-04-16 22:55:55] EDIT proj/views/user/comments.html: 0
[2014-04-16 22:56:02] EDIT proj/views/user/comments.html: 0
[2014-04-16 22:56:32] EDIT proj/views/user/comments.html: -1
[2014-04-16 22:57:52] EDIT proj/views/user/comments.html: 0
[2014-04-16 22:58:26] EDIT proj/views/user/comments.html: 0
[2014-04-16 23:01:53] EDIT proj/views/user/about.html: 1
[2014-04-16 23:02:53] EDIT proj/views/user/about.html: 0
[2014-04-16 23:06:57] EDIT proj/views/user/upload.html: 1
[2014-04-16 23:07:59] EDIT proj/views/user/upload.html: -1
[2014-04-16 23:34:49] EDIT proj/views/user/comments.html: 0
[2014-04-16 23:36:44] EDIT proj/views/user/comments.html: 1
[2014-04-16 23:41:45] EDIT proj/views/user/about.html: 3
[2014-04-16 23:43:11] EDIT proj/views/user/about.html: 0
[2014-04-16 23:44:05] EDIT proj/views/user/comments.html: 0
[2014-04-16 23:55:59] EDIT proj/views/user/comments.html: 4
[2014-04-16 23:56:27] EDIT proj/views/user/comments.html: 0
[2014-04-16 23:57:16] EDIT proj/views/user/comments.html: 0
[2014-04-16 23:57:33] EDIT proj/views/user/comments.html: 0
[2014-04-16 23:59:07] EDIT proj/views/user/comments.html: 0
[2014-04-16 23:59:08] EDIT proj/views/user/comments.html: 0
[2014-04-17 00:08:34] EDIT proj/views/user/comments.html: 0
[2014-04-17 00:09:06] EDIT proj/views/user/comments.html: 0
[2014-04-17 00:11:18] EDIT proj/views/user/grid.html: 3
[2014-04-17 00:11:43] EDIT proj/views/user/grid.html: 1
[2014-04-17 00:12:07] EDIT proj/views/user/grid.html: 1
[2014-04-17 00:12:52] EDIT proj/views/user/grid.html: 1
[2014-04-17 00:17:00] EDIT proj/views/user/upload.html: 1
[2014-04-17 00:17:22] EDIT proj/views/user/upload.html: 0
[2014-04-17 00:18:16] EDIT proj/views/user/upload.html: 1
[2014-04-17 00:18:27] EDIT proj/views/user/upload.html: 0
[2014-04-17 09:18:54] EDIT proj/views/user/comments.html: 2
[2014-04-17 09:20:30] EDIT proj/views/user/comments.html: -1
[2014-04-17 09:21:23] EDIT proj/models/db.py: 0
[2014-04-17 09:21:36] EDIT proj/views/user/comments.html: 0
[2014-04-19 16:56:01] EDIT proj/views/default/login.html: 78
[2014-04-19 17:07:20] EDIT proj/views/user/friends.html: 5
[2014-04-19 17:07:52] EDIT proj/views/user/friends.html: -1
[2014-04-19 17:08:29] EDIT proj/views/user/upload.html: 0
[2014-04-19 17:08:40] EDIT proj/views/user/upload.html: 0
[2014-04-19 17:08:59] EDIT proj/views/user/friends.html: 0
[2014-04-19 17:09:07] EDIT proj/views/user/friends.html: 0
[2014-04-19 17:09:14] EDIT proj/views/user/friends.html: 0
[2014-04-19 17:11:22] EDIT proj/views/default/register.html: 7
[2014-04-19 17:11:56] EDIT proj/views/default/register.html: 4
[2014-04-19 17:13:10] EDIT proj/views/default/register.html: 0
[2014-04-19 17:14:31] EDIT proj/views/user/about.html: 0
[2014-04-19 17:15:10] EDIT proj/views/user/about.html: 1
[2014-04-19 17:18:00] EDIT proj/views/user/comments.html: 2
[2014-04-19 17:20:22] EDIT proj/views/user/friends.html: 3
[2014-04-19 17:21:40] EDIT proj/views/user/friends.html: 0
[2014-04-19 17:23:14] CREATE user/comments1.html: 0
[2014-04-19 17:24:16] EDIT proj/views/user/comments1.html: 252
[2014-04-19 17:24:43] EDIT proj/views/user/comments1.html: 0
[2014-04-19 17:28:45] EDIT proj/controllers/user.py: 3
[2014-04-25 18:59:47] EDIT proj/views/user/comments.html: 51
[2014-04-25 19:02:21] EDIT proj/views/user/comments.html: 1
[2014-04-25 19:02:54] EDIT proj/views/user/comments1.html: 0
[2014-04-25 19:04:07] EDIT proj/controllers/user.py: 2
[2014-04-25 19:04:19] EDIT proj/controllers/user.py: 0
[2014-04-25 19:04:28] EDIT proj/controllers/user.py: 0
[2014-04-25 19:04:41] EDIT proj/controllers/user.py: 0
[2014-04-25 19:04:45] EDIT proj/controllers/user.py: 0
[2014-04-25 19:04:52] EDIT proj/controllers/user.py: 0
[2014-04-25 19:05:46] EDIT proj/controllers/user.py: 0
[2014-04-25 19:07:58] EDIT proj/controllers/user.py: 0
[2014-04-25 19:12:04] EDIT proj/views/user/comments.html: 0
[2014-04-25 19:13:22] EDIT proj/views/user/comments.html: 0
[2014-04-25 19:16:26] EDIT proj/views/user/comments.html: 6
[2014-04-25 19:19:23] EDIT proj/views/user/comments.html: 1
[2014-04-25 19:23:19] EDIT proj/models/db.py: 1
[2014-04-25 19:23:30] EDIT proj/models/db.py: 0
[2014-04-25 19:23:57] EDIT proj/models/db.py: 0
[2014-04-25 19:23:58] EDIT proj/models/db.py: 0
[2014-04-25 19:26:58] EDIT proj/models/db.py: 0
[2014-04-25 19:45:32] EDIT proj/controllers/user.py: 1
[2014-04-25 20:36:07] EDIT proj/views/user/comments.html: 0
[2014-04-25 20:37:19] EDIT proj/views/user/comments.html: -1
[2014-04-25 20:38:33] EDIT proj/views/user/comments.html: 1
[2014-04-25 20:44:23] EDIT proj/views/user/comments.html: -1
[2014-04-25 20:47:26] EDIT proj/views/user/comments.html: 0
[2014-04-25 20:48:01] EDIT proj/controllers/user.py: -3
[2014-04-25 20:54:53] EDIT proj/controllers/user.py: 0
[2014-04-25 20:55:36] EDIT proj/controllers/user.py: -1
[2014-04-25 20:55:45] EDIT proj/views/user/comments.html: 0
[2014-04-25 20:56:53] EDIT proj/views/user/comments.html: 0
[2014-04-25 20:57:17] EDIT proj/views/user/comments.html: 0
[2014-04-25 20:57:39] EDIT proj/controllers/user.py: 0
[2014-04-25 20:58:44] EDIT proj/controllers/user.py: 1
[2014-04-25 20:59:05] EDIT proj/controllers/user.py: 0
[2014-04-25 21:00:05] EDIT proj/controllers/user.py: 1
[2014-04-25 21:01:37] EDIT proj/views/user/comments.html: 0
[2014-04-25 21:02:53] EDIT proj/views/user/comments.html: 1
[2014-04-25 21:04:11] EDIT proj/views/user/comments.html: 0
[2014-04-25 21:04:52] EDIT proj/views/user/comments.html: 0
[2014-04-25 21:07:20] EDIT proj/models/db.py: 1
[2014-04-25 21:07:24] EDIT proj/models/db.py: 0
[2014-04-25 21:08:12] EDIT proj/views/user/comments.html: 0
[2014-04-25 21:09:39] EDIT proj/views/user/comments.html: 0
[2014-04-25 21:10:11] EDIT proj/controllers/user.py: -1
[2014-04-25 21:10:20] EDIT proj/views/user/comments.html: 0
[2014-04-25 21:11:55] EDIT proj/controllers/user.py: 0
[2014-04-25 21:13:07] EDIT proj/views/user/comments.html: 0
[2014-04-25 21:14:53] EDIT proj/views/user/comments.html: 2
[2014-04-25 21:15:01] EDIT proj/views/user/comments.html: 0
[2014-04-25 21:15:08] EDIT proj/controllers/user.py: 0
[2014-04-25 21:15:41] EDIT proj/controllers/user.py: 0
[2014-04-25 21:16:21] EDIT proj/controllers/user.py: 0
[2014-04-25 21:16:54] EDIT proj/controllers/user.py: 0
[2014-04-25 21:17:24] EDIT proj/controllers/user.py: 0
[2014-04-25 21:18:10] EDIT proj/controllers/user.py: 0
[2014-04-25 21:18:19] EDIT proj/controllers/user.py: 0
[2014-04-25 21:18:41] EDIT proj/controllers/user.py: 0
[2014-04-25 21:20:19] EDIT proj/controllers/user.py: 0
[2014-04-25 21:20:46] EDIT proj/controllers/user.py: 0
[2014-04-25 21:21:06] EDIT proj/controllers/user.py: 0
[2014-04-25 21:21:19] EDIT proj/controllers/user.py: 0
[2014-04-25 21:21:34] EDIT proj/controllers/user.py: 0
[2014-04-25 21:22:07] EDIT proj/controllers/user.py: 1
[2014-04-25 21:22:12] EDIT proj/controllers/user.py: 0
[2014-04-25 21:22:27] EDIT proj/controllers/user.py: 0
[2014-04-25 21:23:58] EDIT proj/views/user/comments.html: 3
[2014-04-25 21:24:22] EDIT proj/views/user/comments.html: 0
[2014-04-25 21:27:08] EDIT proj/views/user/comments.html: -2
[2014-04-25 21:28:33] EDIT proj/views/user/comments.html: 0
[2014-04-25 21:30:06] EDIT proj/controllers/user.py: 1
[2014-04-25 21:32:00] EDIT proj/views/user/comments.html: -4
[2014-04-25 21:32:22] EDIT proj/views/user/comments.html: 0
[2014-04-25 21:32:49] EDIT proj/views/user/comments.html: 1
[2014-04-25 21:33:13] EDIT proj/views/user/comments.html: -1
[2014-04-25 21:33:30] EDIT proj/views/user/comments.html: 1
[2014-04-25 21:33:39] EDIT proj/views/user/comments.html: -1
[2014-04-25 21:34:32] EDIT proj/views/user/comments.html: 0
[2014-04-25 21:54:49] EDIT proj/views/user/comments.html: 0
[2014-04-25 21:58:56] EDIT proj/views/user/comments.html: 0
[2014-04-25 21:59:33] EDIT proj/views/user/comments.html: 0
[2014-04-25 22:02:49] EDIT proj/views/user/comments.html: 0
[2014-04-25 22:03:58] EDIT proj/controllers/user.py: 4
[2014-04-25 22:04:25] EDIT proj/views/user/comments.html: 1
[2014-04-25 22:05:12] EDIT proj/controllers/user.py: 0
[2014-04-25 22:05:41] EDIT proj/controllers/user.py: 1
[2014-04-25 22:06:09] EDIT proj/controllers/user.py: 0
[2014-04-25 22:06:55] EDIT proj/controllers/user.py: -1
[2014-04-25 22:07:34] EDIT proj/views/user/comments.html: 4
[2014-04-25 22:11:40] EDIT proj/views/user/comments.html: -3
[2014-04-25 22:14:16] EDIT proj/views/user/comments.html: 0
[2014-04-25 22:16:28] EDIT proj/views/user/comments.html: 0
[2014-04-25 22:16:53] EDIT proj/views/user/comments.html: 0
[2014-04-25 22:18:21] EDIT proj/controllers/user.py: -2
[2014-04-25 22:21:21] EDIT proj/views/user/comments.html: 0
[2014-04-25 22:21:52] EDIT proj/views/user/comments.html: 0
[2014-04-25 22:23:45] EDIT proj/controllers/user.py: 1
[2014-04-25 22:24:38] EDIT proj/controllers/user.py: 0
[2014-04-25 22:26:29] EDIT proj/views/user/comments.html: 2
[2014-04-25 22:27:09] EDIT proj/views/user/comments.html: 0
[2014-04-25 22:27:17] EDIT proj/views/user/comments.html: 0
[2014-04-25 22:28:07] EDIT proj/views/user/comments.html: 0
[2014-04-25 22:30:51] EDIT proj/views/user/comments.html: 1
[2014-04-25 22:31:08] EDIT proj/views/user/comments.html: 0
[2014-04-25 22:31:41] EDIT proj/views/user/comments.html: -2
[2014-04-25 22:32:34] EDIT proj/views/user/comments.html: 0
[2014-04-25 22:34:14] EDIT proj/views/user/comments.html: 3
[2014-04-25 22:37:02] EDIT proj/views/user/comments.html: 0
[2014-04-25 22:41:14] EDIT proj/views/user/comments.html: 0
[2014-04-25 22:42:16] EDIT proj/views/user/comments.html: 0
[2014-04-25 22:45:45] EDIT proj/views/user/comments.html: 0
[2014-04-25 22:46:02] EDIT proj/views/user/comments.html: 0
[2014-04-25 22:53:43] EDIT proj/views/user/comments.html: 2
[2014-04-25 22:54:10] EDIT proj/views/user/comments.html: 0
[2014-04-25 22:54:43] EDIT proj/views/user/comments.html: 0
[2014-04-25 22:55:18] EDIT proj/views/user/comments.html: 2
[2014-04-25 22:57:50] EDIT proj/views/user/comments.html: 0
[2014-04-25 22:57:53] EDIT proj/views/user/comments.html: 0
[2014-04-25 22:58:31] EDIT proj/views/user/comments.html: 0
[2014-04-25 23:00:36] EDIT proj/views/user/comments.html: 0
[2014-04-25 23:03:41] EDIT proj/views/user/comments.html: 3
[2014-04-25 23:04:10] EDIT proj/views/user/comments.html: 0
[2014-04-25 23:04:14] EDIT proj/views/user/comments.html: 0
[2014-04-25 23:04:37] EDIT proj/views/user/comments.html: 0
[2014-04-25 23:06:13] EDIT proj/controllers/user.py: 1
[2014-04-25 23:06:45] EDIT proj/controllers/user.py: 0
[2014-04-25 23:11:14] EDIT proj/views/user/comments.html: 0
[2014-04-25 23:12:36] EDIT proj/controllers/user.py: 1
[2014-04-25 23:13:30] EDIT proj/controllers/user.py: 0
[2014-04-25 23:13:34] EDIT proj/controllers/user.py: 0
[2014-04-25 23:14:15] EDIT proj/controllers/user.py: 0
[2014-04-25 23:14:29] EDIT proj/views/user/comments.html: 1
[2014-04-25 23:14:43] EDIT proj/controllers/user.py: 0
[2014-04-25 23:15:22] EDIT proj/views/user/comments.html: 0
[2014-04-25 23:16:50] EDIT proj/views/user/comments.html: 0
[2014-04-25 23:17:15] EDIT proj/views/user/comments.html: 0
[2014-04-25 23:22:28] EDIT proj/views/user/grid.html: 1
[2014-04-25 23:22:48] EDIT proj/views/user/grid.html: 0
[2014-04-25 23:23:35] EDIT proj/views/user/grid.html: 0
[2014-04-25 23:23:55] EDIT proj/views/user/grid.html: 0
[2014-04-25 23:24:29] EDIT proj/views/user/grid.html: 1
[2014-04-25 23:24:47] EDIT proj/views/user/grid.html: 0
[2014-04-26 11:51:05] EDIT proj/models/db.py: 1
[2014-04-26 11:53:34] EDIT proj/views/user/about.html: 0
[2014-04-26 11:59:42] EDIT proj/models/db.py: 0
[2014-04-26 12:00:00] EDIT proj/views/user/about.html: 0
[2014-04-26 12:03:55] EDIT proj/models/db.py: 0
[2014-04-26 12:04:28] EDIT proj/views/user/about.html: 0
[2014-04-26 12:05:36] EDIT proj/views/user/about.html: 0
[2014-04-26 12:13:59] EDIT proj/views/user/about.html: 0
[2014-04-26 12:14:37] EDIT proj/views/user/about.html: 0
[2014-04-26 12:15:06] EDIT proj/views/user/about.html: 1
[2014-04-26 12:15:27] EDIT proj/views/user/about.html: 0
[2014-04-26 12:17:47] EDIT proj/views/user/about.html: 0
[2014-04-26 12:18:15] EDIT proj/views/user/about.html: 0
[2014-04-26 12:19:16] EDIT proj/views/user/about.html: 0
[2014-04-26 12:20:09] EDIT proj/views/user/about.html: 0
[2014-04-26 12:20:19] EDIT proj/views/user/about.html: 0
[2014-04-26 12:20:31] EDIT proj/views/user/about.html: 0
[2014-04-26 12:20:41] EDIT proj/views/user/about.html: 0
[2014-04-26 12:21:02] EDIT proj/views/user/about.html: 0
[2014-04-26 12:21:50] EDIT proj/views/user/about.html: 0
[2014-04-26 12:22:58] EDIT proj/views/user/comments.html: 1
[2014-04-26 12:24:29] EDIT proj/controllers/user.py: 6
[2014-04-26 12:24:35] EDIT proj/views/user/about.html: 0
[2014-04-26 12:24:42] EDIT proj/models/db.py: 0
[2014-04-26 12:25:21] EDIT proj/views/user/about.html: 0
[2014-04-26 12:25:31] EDIT proj/views/user/about.html: 0
[2014-04-26 12:26:16] EDIT proj/views/user/about.html: 2
[2014-04-26 12:26:45] EDIT proj/views/user/about.html: 0
[2014-04-26 12:27:27] EDIT proj/views/user/about.html: 0
[2014-04-26 12:27:44] EDIT proj/views/user/about.html: 0
[2014-04-26 12:27:55] EDIT proj/views/user/about.html: 0
[2014-04-26 12:27:59] EDIT proj/views/user/about.html: 0
[2014-04-26 12:28:11] EDIT proj/views/user/about.html: 0
[2014-04-26 12:28:46] EDIT proj/views/user/about.html: 0
[2014-04-26 12:29:02] EDIT proj/views/user/about.html: 0
[2014-04-26 12:29:28] EDIT proj/views/user/comments.html: -1
[2014-04-26 12:31:02] EDIT proj/views/user/comments.html: 0
[2014-04-26 12:32:28] EDIT proj/views/user/comments.html: -1
[2014-04-26 12:33:41] EDIT proj/views/user/comments.html: 0
[2014-04-26 12:34:52] EDIT proj/views/user/comments.html: 0
[2014-04-26 12:35:15] EDIT proj/views/user/comments.html: 0
[2014-04-26 12:36:33] EDIT proj/views/user/comments.html: 0
[2014-04-26 12:38:25] EDIT proj/views/user/comments.html: 0
[2014-04-26 12:49:37] EDIT proj/views/user/about.html: 1
[2014-04-26 12:49:53] EDIT proj/views/user/about.html: 0
[2014-04-26 12:50:07] EDIT proj/views/user/about.html: 0
[2014-04-26 12:50:18] EDIT proj/views/user/about.html: 0
[2014-04-26 12:50:37] EDIT proj/views/user/about.html: 0
[2014-04-26 12:51:30] EDIT proj/views/user/about.html: 0
[2014-04-26 12:51:59] EDIT proj/views/user/about.html: 0
[2014-04-26 12:53:30] EDIT proj/views/user/about.html: 0
[2014-04-26 12:53:41] EDIT proj/views/user/about.html: 0
[2014-04-26 12:55:55] EDIT proj/models/db.py: 0
[2014-04-26 12:56:03] EDIT proj/views/user/about.html: 0
[2014-04-26 12:59:13] EDIT proj/models/db.py: 2
[2014-04-26 13:00:21] EDIT proj/controllers/user.py: 2
[2014-04-26 13:00:36] EDIT proj/controllers/user.py: -1
[2014-04-26 13:02:41] EDIT proj/views/user/comments.html: 2
[2014-04-26 13:03:35] EDIT proj/views/user/comments.html: 0
[2014-04-26 13:04:45] EDIT proj/models/db.py: 0
[2014-04-26 13:08:25] EDIT proj/models/db.py: -2
[2014-04-26 13:08:46] EDIT proj/models/db.py: 2
[2014-04-26 13:08:49] EDIT proj/models/db.py: 0
[2014-04-26 13:11:25] EDIT proj/models/db.py: 1
[2014-04-26 13:11:30] EDIT proj/models/db.py: -1
[2014-04-26 13:11:33] EDIT proj/models/db.py: 0
[2014-04-26 13:11:36] EDIT proj/models/db.py: 0
[2014-04-26 13:11:59] EDIT proj/views/user/comments.html: 0
[2014-04-26 13:12:08] EDIT proj/views/user/comments.html: 0
[2014-04-26 13:17:51] EDIT proj/controllers/user.py: -4
[2014-04-26 13:20:43] EDIT proj/controllers/user.py: 5
[2014-04-26 13:21:31] EDIT proj/controllers/user.py: 1
[2014-04-26 13:22:20] EDIT proj/controllers/user.py: 0
[2014-04-26 13:22:26] EDIT proj/controllers/user.py: 0
[2014-04-26 13:23:04] EDIT proj/controllers/user.py: 1
[2014-04-26 13:23:28] EDIT proj/models/db.py: 0
[2014-04-26 13:24:05] EDIT proj/controllers/user.py: 0
[2014-04-26 13:24:45] EDIT proj/models/db.py: 0
[2014-04-26 13:25:38] EDIT proj/controllers/user.py: 0
[2014-04-26 13:25:51] EDIT proj/controllers/user.py: 0
[2014-04-26 13:27:55] EDIT proj/controllers/user.py: -1
[2014-04-26 13:28:46] EDIT proj/controllers/user.py: 0
[2014-04-26 13:29:07] EDIT proj/controllers/user.py: 0
[2014-04-26 13:29:51] EDIT proj/controllers/user.py: 0
[2014-04-26 13:31:31] EDIT proj/controllers/user.py: 0
[2014-04-26 13:31:44] EDIT proj/controllers/user.py: 0
[2014-04-26 13:33:28] EDIT proj/controllers/user.py: 1
[2014-04-26 13:34:53] EDIT proj/controllers/user.py: 0
[2014-04-26 13:36:14] EDIT proj/controllers/user.py: 0
[2014-04-26 13:36:30] EDIT proj/controllers/user.py: 0
[2014-04-26 13:36:44] EDIT proj/controllers/user.py: 0
[2014-04-26 13:38:56] EDIT proj/controllers/user.py: 0
[2014-04-26 13:39:07] EDIT proj/controllers/user.py: 0
[2014-04-26 13:44:27] EDIT proj/controllers/user.py: 0
[2014-04-26 13:44:30] EDIT proj/controllers/user.py: 0
[2014-04-26 13:45:30] EDIT proj/controllers/user.py: 0
[2014-04-26 13:46:06] EDIT proj/controllers/user.py: 0
[2014-04-26 13:46:26] EDIT proj/controllers/user.py: 0
[2014-04-26 13:46:53] EDIT proj/models/db.py: 0
[2014-04-26 13:47:30] EDIT proj/controllers/user.py: -3
[2014-04-26 13:48:47] EDIT proj/controllers/user.py: 0
[2014-04-26 13:49:04] EDIT proj/controllers/user.py: 0
[2014-04-26 13:49:16] EDIT proj/controllers/user.py: -1
[2014-04-26 13:49:49] EDIT proj/views/user/comments.html: 0
[2014-04-26 13:50:20] EDIT proj/controllers/user.py: -3
[2014-04-26 13:50:23] EDIT proj/controllers/user.py: 0
[2014-04-26 13:51:01] EDIT proj/models/db.py: -2
[2014-04-26 13:51:27] EDIT proj/views/user/comments.html: -1
[2014-04-26 13:51:38] EDIT proj/views/user/comments.html: -1
[2014-04-26 14:35:24] EDIT proj/views/user/comments.html: 0
[2014-04-26 14:39:13] EDIT proj/views/user/comments.html: 1
[2014-04-26 14:39:42] EDIT proj/views/user/comments.html: 0
[2014-04-26 14:40:27] EDIT proj/views/user/comments.html: -1
[2014-04-26 14:42:22] EDIT proj/views/user/comments.html: 0
[2014-04-26 14:42:37] EDIT proj/views/user/comments.html: 0
[2014-04-26 14:43:06] EDIT proj/views/user/comments.html: 0
[2014-04-26 14:45:18] EDIT proj/views/user/comments.html: 0
[2014-04-26 14:45:36] EDIT proj/views/user/comments.html: 0
[2014-04-26 14:46:07] EDIT proj/views/user/comments.html: 0
[2014-04-26 14:46:51] EDIT proj/views/user/about.html: 0
[2014-04-26 14:47:12] EDIT proj/views/default/common.html: 0
[2014-04-26 14:47:23] EDIT proj/views/default/login.html: 1
[2014-04-26 14:47:32] EDIT proj/views/default/register.html: 0
[2014-04-26 14:48:07] EDIT proj/views/user/friends.html: 0
[2014-04-26 14:48:15] EDIT proj/views/user/grid.html: 0
[2014-04-26 14:48:23] EDIT proj/views/user/upload.html: 0
[2014-04-26 14:48:47] EDIT proj/views/user/index.html: 0
[2014-04-26 14:49:40] EDIT proj/views/user/index.html: 0
[2014-04-26 14:51:06] EDIT proj/views/user/index.html: 2
[2014-04-26 14:51:41] EDIT proj/views/user/index.html: 0
[2014-04-26 14:53:19] EDIT proj/views/user/index.html: 0
[2014-04-26 14:53:39] EDIT proj/views/default/index.html: 0
[2014-04-26 14:53:42] EDIT proj/views/default/index.html: 0
[2014-04-26 15:06:47] EDIT proj/views/default/register.html: 0
[2014-04-26 15:11:36] EDIT proj/views/user/comments.html: 0
[2014-04-26 15:12:14] EDIT proj/views/user/comments.html: 0
[2014-04-26 15:13:22] EDIT proj/views/user/comments.html: 0
[2014-04-26 15:13:49] EDIT proj/views/user/comments.html: 0
[2014-04-26 15:14:24] EDIT proj/views/user/comments.html: 0
[2014-04-26 15:15:00] EDIT proj/views/user/comments.html: 0
[2014-04-26 15:15:45] EDIT proj/views/user/comments.html: 1
[2014-04-26 15:18:07] EDIT proj/views/user/comments.html: -2
[2014-05-06 14:50:30] EDIT proj/views/appadmin.html: 0
