[2014-03-18 21:57:03] START
[2014-03-18 21:57:03] EDIT welcome/controllers/default.py: 0
[2014-03-18 21:58:30] EDIT welcome/controllers/default.py: 0
[2014-03-18 21:58:45] EDIT welcome/controllers/default.py: 0
[2014-03-18 21:58:53] EDIT welcome/controllers/default.py: 0
[2014-03-18 21:59:27] EDIT welcome/controllers/default.py: 0
[2014-03-18 22:05:03] EDIT welcome/controllers/default.py: 4
[2014-03-18 22:05:31] EDIT welcome/views/default/index.html: 1
[2014-03-18 22:08:20] EDIT welcome/views/default/index.html: 0
[2014-03-18 22:11:27] CREATE first.html: 0
[2014-03-18 22:12:01] EDIT welcome/views/first.html: 4
[2014-03-18 22:13:10] CREATE second.html: 0
[2014-03-18 22:13:32] EDIT welcome/views/second.html: 1
[2014-03-18 22:14:23] EDIT welcome/controllers/default.py: 4
[2014-03-18 22:20:03] EDIT welcome/views/first.html: -1
[2014-03-18 22:27:29] CREATE default/first.html: 0
[2014-03-18 22:28:11] EDIT welcome/views/default/first.html: 6
[2014-03-18 22:28:27] CREATE default/second.html: 0
[2014-03-18 22:29:07] EDIT welcome/views/default/second.html: 2
[2014-03-18 22:47:17] EDIT welcome/views/default/second.html: 0
[2014-03-18 22:49:01] EDIT welcome/controllers/default.py: 3
[2014-03-18 22:49:44] EDIT welcome/controllers/default.py: 0
[2014-03-18 22:50:31] EDIT welcome/controllers/default.py: 0
[2014-03-18 22:51:19] EDIT welcome/controllers/default.py: 0
[2014-03-18 22:51:42] EDIT welcome/views/default/first.html: 0
[2014-03-18 23:00:23] EDIT welcome/controllers/default.py: 2
[2014-03-18 23:00:31] EDIT welcome/controllers/default.py: 0
[2014-03-19 10:27:27] CREATE db1.py: 0
[2014-03-19 10:41:25] EDIT welcome/models/db1.py: 4
[2014-03-19 10:45:39] EDIT welcome/controllers/default.py: -3
[2014-03-19 10:46:16] EDIT welcome/views/default/index.html: -29
[2014-03-19 10:50:34] EDIT welcome/controllers/default.py: 1
[2014-03-19 10:51:21] EDIT welcome/models/db1.py: 0
[2014-03-19 10:53:09] EDIT welcome/views/default/index.html: 1
[2014-03-19 11:01:21] EDIT welcome/models/db1.py: 0
[2014-03-19 11:01:51] EDIT welcome/models/db.py: 4
[2014-03-19 11:01:59] EDIT welcome/controllers/default.py: 0
[2014-03-19 11:02:53] EDIT welcome/models/db.py: 0
[2014-03-19 11:06:10] EDIT welcome/models/db.py: 0
[2014-03-19 11:14:54] EDIT welcome/views/appadmin.html: 0
[2014-03-19 11:31:25] EDIT welcome/controllers/default.py: 0
[2014-03-19 11:37:51] EDIT welcome/controllers/default.py: 1
[2014-03-19 11:39:06] EDIT welcome/views/default/index.html: -2
[2014-03-19 16:22:38] EDIT welcome/controllers/default.py: 3
[2014-03-19 16:22:46] EDIT welcome/controllers/default.py: 0
[2014-03-19 16:23:06] EDIT welcome/controllers/default.py: 0
[2014-03-19 16:26:07] EDIT welcome/controllers/default.py: -1
[2014-03-19 16:26:21] EDIT welcome/controllers/default.py: 0
[2014-03-19 16:26:23] EDIT welcome/controllers/default.py: 0
[2014-03-19 16:26:23] EDIT welcome/controllers/default.py: 0
[2014-03-19 16:26:24] EDIT welcome/controllers/default.py: 0
[2014-03-19 16:26:24] EDIT welcome/controllers/default.py: 0
[2014-03-19 16:26:29] EDIT welcome/controllers/default.py: 0
[2014-03-19 16:26:44] EDIT welcome/controllers/default.py: 0
[2014-03-19 16:27:03] EDIT welcome/controllers/default.py: -1
[2014-03-19 16:27:29] EDIT welcome/controllers/default.py: 0
[2014-03-19 16:27:49] EDIT welcome/controllers/default.py: 0
[2014-03-19 16:27:52] EDIT welcome/controllers/default.py: 0
[2014-03-19 16:28:16] EDIT welcome/controllers/default.py: 0
[2014-03-19 16:29:16] EDIT welcome/controllers/default.py: 0
[2014-03-20 18:16:01] EDIT welcome/models/db.py: 0
[2014-03-20 18:26:05] EDIT welcome/models/db.py: 0
[2014-03-20 18:27:41] EDIT welcome/models/db.py: 0
[2014-03-20 18:29:17] EDIT welcome/controllers/default.py: -3
[2014-03-20 18:31:33] EDIT welcome/views/default/index.html: 0
[2014-03-20 18:43:36] EDIT welcome/views/default/index.html: 2
[2014-03-20 19:03:18] EDIT welcome/views/default/index.html: 0
[2014-03-20 19:09:25] EDIT welcome/views/default/index.html: 0
[2014-03-20 19:24:57] EDIT welcome/controllers/default.py: 0
[2014-03-20 19:25:58] EDIT welcome/views/default/index.html: 3
[2014-03-20 19:26:34] EDIT welcome/views/default/index.html: 1
[2014-03-20 21:15:05] EDIT welcome/controllers/default.py: 0
[2014-03-20 21:16:27] EDIT welcome/views/default/index.html: -2
[2014-03-20 21:16:32] EDIT welcome/views/default/index.html: -2
[2014-03-20 21:17:11] EDIT welcome/views/default/index.html: 3
[2014-03-20 21:19:34] EDIT welcome/controllers/default.py: 1
[2014-03-20 21:20:00] EDIT welcome/controllers/default.py: 0
[2014-03-20 21:20:26] EDIT welcome/controllers/default.py: 0
[2014-03-20 21:21:13] EDIT welcome/controllers/default.py: -1
[2014-03-20 21:21:17] EDIT welcome/controllers/default.py: 0
[2014-03-20 21:25:36] EDIT welcome/views/default/index.html: 0
[2014-03-20 21:33:30] EDIT welcome/views/default/index.html: 0
[2014-03-20 21:35:31] EDIT welcome/models/db.py: 0
[2014-03-20 21:35:45] EDIT welcome/controllers/default.py: 0
[2014-03-20 21:35:52] EDIT welcome/controllers/default.py: 0
[2014-03-20 21:36:52] EDIT welcome/views/default/index.html: 0
[2014-03-20 21:38:24] EDIT welcome/views/default/index.html: 1
[2014-03-20 21:49:41] EDIT welcome/models/db.py: 0
[2014-03-20 22:43:22] EDIT welcome/views/default/index.html: 4
[2014-03-20 22:49:33] EDIT welcome/views/default/index.html: 2
[2014-03-20 22:51:10] EDIT welcome/views/default/index.html: 0
[2014-03-20 22:52:10] EDIT welcome/views/default/index.html: 0
[2014-03-20 22:54:43] EDIT welcome/views/default/index.html: 0
[2014-03-20 23:30:24] EDIT welcome/views/default/index.html: -3
[2014-03-20 23:31:15] EDIT welcome/models/db.py: 0
[2014-03-20 23:31:16] EDIT welcome/models/db.py: 0
[2014-03-20 23:34:23] EDIT welcome/models/db.py: 1
[2014-03-20 23:34:55] EDIT welcome/views/default/index.html: 0
[2014-03-20 23:36:36] EDIT welcome/models/db.py: 0
[2014-03-20 23:39:31] EDIT welcome/views/default/index.html: -1
[2014-03-20 23:41:32] EDIT welcome/views/default/index.html: 0
[2014-03-20 23:42:48] EDIT welcome/views/default/index.html: 1
[2014-03-20 23:43:40] EDIT welcome/views/default/index.html: -1
[2014-03-20 23:44:13] EDIT welcome/views/default/index.html: 0
[2014-03-20 23:44:51] EDIT welcome/controllers/default.py: 0
[2014-03-20 23:45:38] EDIT welcome/views/default/index.html: 1
[2014-03-20 23:46:43] EDIT welcome/views/default/index.html: 0
[2014-03-20 23:47:55] EDIT welcome/views/default/index.html: -1
[2014-03-20 23:48:14] EDIT welcome/views/default/index.html: 0
[2014-03-20 23:51:28] EDIT welcome/views/default/index.html: 1
[2014-03-20 23:52:01] EDIT welcome/views/default/index.html: 0
[2014-03-21 00:00:01] EDIT welcome/views/default/index.html: 0
[2014-03-21 00:00:38] EDIT welcome/views/default/index.html: 0
[2014-03-21 00:01:01] EDIT welcome/controllers/default.py: 0
[2014-03-21 00:01:13] EDIT welcome/views/default/index.html: 0
[2014-03-21 10:48:53] EDIT welcome/views/default/index.html: 1
[2014-03-21 10:49:06] EDIT welcome/views/default/index.html: 1
[2014-03-21 10:49:33] EDIT welcome/controllers/default.py: 0
[2014-03-21 10:57:41] EDIT welcome/views/default/index.html: 0
[2014-03-21 11:14:16] EDIT welcome/controllers/default.py: 0
[2014-03-21 11:15:19] EDIT welcome/controllers/default.py: 0
[2014-03-21 11:15:31] EDIT welcome/views/default/index.html: -5
[2014-03-21 11:23:07] EDIT welcome/controllers/default.py: 0
[2014-03-21 11:24:13] EDIT welcome/views/default/index.html: 1
[2014-03-21 11:25:06] EDIT welcome/views/default/index.html: 2
[2014-03-21 11:27:00] EDIT welcome/views/default/index.html: 0
[2014-03-21 11:32:57] EDIT welcome/controllers/default.py: 3
[2014-03-21 11:33:06] EDIT welcome/views/default/index.html: 0
[2014-03-21 11:33:28] EDIT welcome/views/default/index.html: 0
[2014-03-21 11:34:45] EDIT welcome/views/default/index.html: 0
[2014-03-21 11:34:47] EDIT welcome/views/default/index.html: 0
[2014-03-21 11:36:53] EDIT welcome/controllers/default.py: -3
[2014-03-21 11:37:09] EDIT welcome/controllers/default.py: -1
[2014-03-21 11:37:16] EDIT welcome/controllers/default.py: 0
[2014-03-21 11:37:40] EDIT welcome/controllers/default.py: 0
[2014-03-21 11:38:08] EDIT welcome/views/default/index.html: 0
[2014-03-21 11:38:56] EDIT welcome/views/default/index.html: 1
[2014-03-21 11:39:13] EDIT welcome/views/default/index.html: 0
[2014-03-21 11:39:44] EDIT welcome/views/default/index.html: 0
[2014-03-21 11:40:00] EDIT welcome/views/default/index.html: 0
[2014-03-21 11:40:29] EDIT welcome/views/default/index.html: 0
[2014-03-21 11:41:21] EDIT welcome/views/default/index.html: 0
[2014-03-21 11:41:37] EDIT welcome/views/default/index.html: 0
[2014-03-21 11:42:23] EDIT welcome/views/default/index.html: 0
[2014-03-21 13:53:14] EDIT welcome/models/db.py: 1
[2014-03-21 13:53:18] EDIT welcome/models/db.py: 0
[2014-03-21 13:53:25] EDIT welcome/models/db.py: 0
[2014-03-21 13:53:39] EDIT welcome/controllers/default.py: 0
[2014-03-21 13:54:16] EDIT welcome/views/default/index.html: 0
[2014-03-21 21:27:56] EDIT welcome/views/appadmin.html: -10
[2014-03-21 21:30:59] EDIT welcome/views/appadmin.html: -31
[2014-03-21 21:31:11] EDIT welcome/views/appadmin.html: 31
[2014-03-21 21:32:02] EDIT welcome/views/appadmin.html: -17
[2014-03-21 21:32:16] EDIT welcome/views/appadmin.html: 0
[2014-03-21 21:32:32] EDIT welcome/views/appadmin.html: -24
[2014-03-21 21:32:40] EDIT welcome/views/appadmin.html: 0
[2014-03-21 21:32:59] EDIT welcome/views/appadmin.html: -67
[2014-03-21 21:33:12] EDIT welcome/views/appadmin.html: 67
[2014-03-21 21:34:24] EDIT welcome/views/appadmin.html: -3
[2014-03-21 21:34:48] EDIT welcome/views/appadmin.html: -16
[2014-03-21 21:35:00] EDIT welcome/views/appadmin.html: 16
[2014-03-21 21:36:01] EDIT welcome/views/appadmin.html: -10
[2014-03-21 21:36:31] EDIT welcome/views/appadmin.html: 10
[2014-03-21 21:53:21] EDIT welcome/views/appadmin.html: 0
[2014-03-25 18:03:37] EDIT welcome/views/appadmin.html: 1
[2014-03-26 19:29:22] EDIT welcome/controllers/default.py: 3
[2014-03-26 19:30:17] EDIT welcome/controllers/default.py: 0
[2014-03-26 19:30:43] EDIT welcome/controllers/default.py: 0
[2014-03-26 19:30:47] EDIT welcome/controllers/default.py: 0
[2014-03-26 19:31:17] EDIT welcome/controllers/default.py: 0
[2014-03-26 19:31:51] CREATE default/js.html: 0
[2014-03-26 19:34:38] EDIT welcome/views/default/js.html: 4
[2014-03-26 19:35:54] EDIT welcome/views/default/js.html: 0
[2014-03-26 19:36:32] EDIT welcome/views/default/js.html: 0
[2014-03-26 19:36:52] EDIT welcome/views/default/js.html: 0
[2014-03-26 19:37:16] EDIT welcome/views/default/js.html: 0
[2014-03-26 19:37:29] EDIT welcome/views/default/js.html: 0
[2014-03-26 19:40:14] EDIT welcome/views/default/js.html: 0
[2014-03-26 19:41:00] EDIT welcome/views/default/js.html: 1
[2014-03-26 19:41:19] EDIT welcome/views/default/js.html: 0
[2014-03-26 19:42:41] EDIT welcome/views/default/js.html: 1
[2014-03-26 19:42:57] EDIT welcome/views/default/js.html: 0
[2014-03-26 19:44:08] EDIT welcome/controllers/default.py: 0
[2014-03-26 19:44:18] EDIT welcome/controllers/default.py: 0
[2014-03-26 19:44:18] EDIT welcome/controllers/default.py: 0
[2014-03-26 19:47:29] EDIT welcome/controllers/default.py: 1
[2014-03-26 19:54:45] EDIT welcome/controllers/default.py: -1
[2014-03-26 19:55:05] EDIT welcome/views/default/js.html: 0
[2014-03-26 19:55:29] EDIT welcome/controllers/default.py: 1
[2014-03-26 19:56:12] EDIT welcome/views/default/js.html: 0
[2014-03-26 20:00:12] EDIT welcome/controllers/default.py: 1
[2014-03-26 20:00:50] EDIT welcome/controllers/default.py: 0
[2014-03-26 20:01:12] EDIT welcome/controllers/default.py: 0
[2014-03-26 20:01:39] EDIT welcome/controllers/default.py: 0
[2014-03-26 20:02:00] EDIT welcome/controllers/default.py: 0
[2014-03-26 20:02:37] EDIT welcome/controllers/default.py: 1
[2014-03-26 20:02:57] EDIT welcome/controllers/default.py: 0
[2014-03-26 20:03:23] EDIT welcome/controllers/default.py: 0
[2014-03-26 20:03:48] EDIT welcome/controllers/default.py: 0
[2014-03-26 20:04:19] EDIT welcome/views/default/js.html: 0
[2014-03-26 20:06:26] EDIT welcome/views/default/js.html: 0
[2014-03-26 20:06:54] EDIT welcome/views/default/js.html: 0
[2014-03-26 20:07:18] EDIT welcome/views/default/js.html: 0
[2014-03-26 20:07:43] EDIT welcome/views/default/js.html: 0
[2014-03-26 20:07:57] EDIT welcome/views/default/js.html: 0
[2014-03-26 20:08:11] EDIT welcome/views/default/js.html: 0
[2014-03-26 20:09:05] EDIT welcome/controllers/default.py: 0
[2014-03-26 20:09:16] EDIT welcome/controllers/default.py: 0
[2014-03-26 20:10:53] EDIT welcome/controllers/default.py: 0
[2014-03-26 20:11:45] EDIT welcome/views/default/js.html: 0
[2014-03-26 20:16:25] EDIT welcome/views/default/js.html: 0
[2014-03-26 20:17:12] EDIT welcome/views/default/js.html: 0
[2014-03-26 20:17:22] EDIT welcome/views/default/js.html: 0
[2014-03-26 20:20:33] EDIT welcome/views/default/js.html: 1
[2014-03-26 20:21:16] EDIT welcome/views/default/js.html: 0
[2014-03-26 20:22:28] EDIT welcome/views/default/js.html: 0
[2014-03-26 20:24:12] EDIT welcome/views/default/js.html: 0
[2014-03-26 20:24:25] EDIT welcome/views/default/js.html: 0
[2014-03-26 20:24:38] EDIT welcome/views/default/js.html: 0
[2014-03-26 20:25:05] EDIT welcome/views/default/js.html: 0
[2014-03-26 21:20:24] EDIT welcome/controllers/default.py: 0
[2014-03-26 21:21:12] EDIT welcome/views/default/js.html: 0
[2014-03-26 21:23:05] EDIT welcome/views/default/js.html: 0
[2014-03-26 21:24:03] EDIT welcome/views/default/js.html: 1
[2014-03-26 21:47:15] EDIT welcome/views/default/js.html: 2
[2014-03-26 21:48:51] EDIT welcome/views/default/js.html: 1
[2014-03-26 21:49:00] EDIT welcome/views/default/js.html: 0
[2014-03-26 21:49:11] EDIT welcome/views/default/js.html: 0
[2014-03-26 21:49:46] EDIT welcome/views/default/js.html: 0
[2014-04-09 12:22:46] EDIT welcome/models/db.py: 1
[2014-04-09 12:22:52] EDIT welcome/models/db.py: 0
[2014-04-09 14:28:05] EDIT welcome/models/db.py: -3
[2014-04-09 14:30:13] EDIT welcome/controllers/default.py: 0
[2014-04-09 14:30:32] EDIT welcome/views/default/index.html: -4
[2014-04-09 14:55:58] EDIT welcome/models/db.py: 1
[2014-04-09 14:56:28] EDIT welcome/controllers/default.py: 1
[2014-04-09 14:56:35] EDIT welcome/controllers/default.py: 0
[2014-04-09 14:56:40] EDIT welcome/controllers/default.py: 0
[2014-04-09 14:56:51] EDIT welcome/controllers/default.py: 0
[2014-04-09 14:57:03] EDIT welcome/controllers/default.py: 0
[2014-04-09 14:57:23] EDIT welcome/controllers/default.py: 0
[2014-04-09 14:58:06] EDIT welcome/controllers/default.py: 0
[2014-04-09 14:58:11] EDIT welcome/controllers/default.py: -1
[2014-04-09 15:01:09] EDIT welcome/models/db.py: -1
[2014-04-10 11:02:17] EDIT welcome/models/db.py: 8
[2014-04-12 21:46:11] EDIT welcome/controllers/default.py: 0
[2014-04-12 21:46:25] EDIT welcome/views/default/index.html: 0
[2014-04-12 21:48:06] EDIT welcome/controllers/default.py: -1
[2014-04-13 17:35:31] EDIT welcome/models/db.py: -7
[2014-04-13 17:38:24] EDIT welcome/controllers/default.py: -1
[2014-04-13 17:39:41] EDIT welcome/controllers/default.py: 5
[2014-04-13 17:40:21] EDIT welcome/views/default/index.html: 8
[2014-04-13 17:41:46] EDIT welcome/models/db.py: -1
[2014-04-17 09:32:46] EDIT welcome/views/default/index.html: 3
[2014-04-17 09:33:09] EDIT welcome/views/default/index.html: 6
[2014-04-17 09:33:51] EDIT welcome/views/default/index.html: 8
[2014-04-17 09:34:45] EDIT welcome/views/default/index.html: 2
[2014-04-17 09:34:58] EDIT welcome/views/default/index.html: 0
[2014-04-17 09:35:17] EDIT welcome/views/default/index.html: -1
[2014-04-17 18:34:21] EDIT welcome/controllers/default.py: 5
[2014-04-17 18:36:46] CREATE default/like.html: 0
[2014-04-17 18:43:24] EDIT welcome/views/default/like.html: 24
[2014-04-17 18:45:06] EDIT welcome/views/default/like.html: 1
[2014-04-17 18:50:23] EDIT welcome/views/default/like.html: -1
