[2014-03-19 16:38:11] START
[2014-03-19 16:39:44] EDIT login/models/db.py: 4
[2014-03-19 16:44:07] EDIT login/controllers/default.py: 3
[2014-03-19 16:48:10] EDIT login/controllers/default.py: 1
[2014-03-19 16:48:27] EDIT login/views/default/index.html: -29
[2014-03-19 16:49:10] EDIT login/controllers/default.py: 0
[2014-03-19 16:49:16] EDIT login/controllers/default.py: 0
[2014-03-19 16:51:47] EDIT login/models/db.py: 0
[2014-03-19 16:52:26] EDIT login/controllers/default.py: 2
[2014-03-19 16:55:04] EDIT login/controllers/default.py: 0
[2014-03-19 16:57:30] EDIT login/controllers/default.py: 0
[2014-03-19 16:57:37] EDIT login/controllers/default.py: 0
[2014-03-19 17:01:09] EDIT login/controllers/default.py: 0
[2014-03-19 17:08:21] EDIT login/controllers/default.py: 0
[2014-03-19 17:14:20] EDIT login/controllers/default.py: 1
[2014-03-19 17:15:18] EDIT login/controllers/default.py: 0
[2014-03-19 17:15:30] EDIT login/controllers/default.py: 0
[2014-03-19 17:16:00] EDIT login/controllers/default.py: 0
[2014-03-19 17:16:59] CREATE dbpage.html: 0
[2014-03-19 17:17:58] EDIT login/views/dbpage.html: 1
[2014-03-19 17:18:07] EDIT login/views/dbpage.html: 0
[2014-03-19 17:19:46] EDIT login/views/dbpage.html: -2
[2014-03-19 17:21:08] EDIT login/controllers/default.py: 0
[2014-03-19 17:21:25] EDIT login/controllers/default.py: 0
[2014-03-19 17:22:03] CREATE default/dbpage.html: 0
[2014-03-19 17:22:46] EDIT login/views/default/dbpage.html: 1
[2014-03-19 17:23:43] EDIT login/views/default/dbpage.html: -2
[2014-03-19 17:28:26] EDIT login/models/db.py: 3
[2014-03-19 17:31:21] EDIT login/controllers/default.py: -2
[2014-03-19 17:31:45] EDIT login/models/db.py: 0
[2014-03-19 17:32:54] EDIT login/controllers/default.py: 0
[2014-03-19 17:33:46] EDIT login/models/db.py: 0
[2014-03-19 17:35:51] EDIT login/controllers/default.py: 0
[2014-03-19 17:35:59] EDIT login/models/db.py: 0
[2014-03-19 17:36:16] EDIT login/controllers/default.py: 0
[2014-03-19 17:36:55] EDIT login/controllers/default.py: 0
[2014-03-19 17:38:57] EDIT login/views/default/index.html: -1
[2014-03-19 17:43:34] CREATE default/loginpage.html.py: 0
[2014-03-19 17:44:15] EDIT login/controllers/default.py: 1
[2014-03-19 17:44:21] EDIT login/controllers/default.py: 0
[2014-03-19 17:45:38] DELETE login/controllers/default/loginpage.html.py: -1
[2014-03-19 17:46:13] CREATE default/loginpage.html: 0
[2014-03-19 17:47:41] EDIT login/views/default/loginpage.html: 0
[2014-03-19 17:56:39] EDIT login/controllers/default.py: 6
[2014-03-19 17:56:55] EDIT login/views/default/loginpage.html: 1
[2014-03-19 17:57:34] EDIT login/controllers/default.py: 0
[2014-03-19 17:58:36] EDIT login/controllers/default.py: 0
[2014-03-19 17:58:42] EDIT login/controllers/default.py: 0
[2014-03-19 17:58:53] EDIT login/controllers/default.py: 0
[2014-03-19 17:59:21] EDIT login/controllers/default.py: 0
[2014-03-19 17:59:34] EDIT login/views/default/loginpage.html: -1
[2014-03-19 18:00:02] EDIT login/controllers/default.py: 0
[2014-03-19 18:01:41] EDIT login/controllers/default.py: -1
[2014-03-19 18:03:14] EDIT login/controllers/default.py: 2
[2014-03-19 18:03:51] EDIT login/views/default/loginpage.html: 1
[2014-03-19 18:04:53] EDIT login/controllers/default.py: 1
[2014-03-19 18:05:08] EDIT login/views/default/loginpage.html: 1
[2014-03-19 18:05:23] EDIT login/controllers/default.py: 0
[2014-03-19 18:06:39] EDIT login/controllers/default.py: 0
[2014-03-19 18:08:02] EDIT login/controllers/default.py: 0
[2014-03-19 18:08:31] EDIT login/controllers/default.py: 0
[2014-03-19 18:08:47] EDIT login/controllers/default.py: 0
[2014-03-19 18:12:02] EDIT login/controllers/default.py: 2
[2014-03-19 18:13:37] EDIT login/controllers/default.py: 0
[2014-03-19 18:15:19] EDIT login/controllers/default.py: 1
[2014-03-19 18:16:23] EDIT login/controllers/default.py: -1
[2014-03-19 18:37:37] EDIT login/models/db.py: 0
[2014-03-19 18:42:38] EDIT login/controllers/appadmin.py: 0
[2014-03-19 18:45:02] EDIT login/controllers/appadmin.py: 1
[2014-03-19 18:45:12] EDIT login/controllers/appadmin.py: 0
[2014-03-19 18:46:20] EDIT login/controllers/default.py: -6
[2014-03-19 21:06:41] EDIT login/views/default/loginpage.html: 0
[2014-03-21 23:06:52] EDIT login/views/appadmin.html: 0
[2014-03-21 23:34:30] EDIT login/models/db.py: -2
[2014-03-21 23:36:24] EDIT login/controllers/default.py: 0
[2014-03-21 23:36:32] EDIT login/controllers/default.py: 1
[2014-03-21 23:38:04] EDIT login/views/default/index.html: 1
[2014-03-21 23:38:23] EDIT login/controllers/default.py: 0
[2014-03-21 23:38:46] EDIT login/controllers/default.py: 0
[2014-03-21 23:38:53] EDIT login/views/default/index.html: 0
[2014-03-21 23:41:27] EDIT login/views/appadmin.html: -10
[2014-03-21 23:42:28] EDIT login/views/appadmin.html: 0
